115. Printing statistics.

=== compute_core ===

        +----------Local Count, excluding submodules.
        |        +-Local Area, excluding submodules.
        |        | 
     1094        - wires
     1298        - wire bits
       45        - public wires
      249        - public wire bits
        9        - ports
      213        - port bits
     1119 1.23E+04 cells
        3   37.536   sky130_fd_sc_hd__a2111o_2
        2   20.019   sky130_fd_sc_hd__a211o_2
       11  110.106   sky130_fd_sc_hd__a21bo_2
        5   56.304   sky130_fd_sc_hd__a21boi_2
       59  516.746   sky130_fd_sc_hd__a21o_2
       86  753.222   sky130_fd_sc_hd__a21oi_2
        1   15.014   sky130_fd_sc_hd__a221oi_2
       74   740.71   sky130_fd_sc_hd__a22o_2
       18  225.216   sky130_fd_sc_hd__a22oi_2
        5   56.304   sky130_fd_sc_hd__a2bb2o_2
        6    52.55   sky130_fd_sc_hd__a31o_2
        1   12.512   sky130_fd_sc_hd__a31oi_2
        1   11.261   sky130_fd_sc_hd__a32o_2
        2   32.531   sky130_fd_sc_hd__a32oi_2
        1   11.261   sky130_fd_sc_hd__a41o_2
       40  300.288   sky130_fd_sc_hd__and2_2
       36  315.302   sky130_fd_sc_hd__and2b_2
       18   135.13   sky130_fd_sc_hd__and3_2
        3   30.029   sky130_fd_sc_hd__and3b_2
       70 1.49E+03   sky130_fd_sc_hd__dfxtp_2
       18   67.565   sky130_fd_sc_hd__inv_2
       29  326.563   sky130_fd_sc_hd__mux2_1
       16  360.346   sky130_fd_sc_hd__mux4_2
       97  606.832   sky130_fd_sc_hd__nand2_2
       29  253.994   sky130_fd_sc_hd__nand2b_2
        7   70.067   sky130_fd_sc_hd__nand3_2
      120   750.72   sky130_fd_sc_hd__nor2_2
        1    10.01   sky130_fd_sc_hd__nor3_2
        7   70.067   sky130_fd_sc_hd__o211a_2
       13  113.859   sky130_fd_sc_hd__o21a_2
       14  122.618   sky130_fd_sc_hd__o21ai_2
       15  150.144   sky130_fd_sc_hd__o21ba_2
        3   33.782   sky130_fd_sc_hd__o21bai_2
        8   80.077   sky130_fd_sc_hd__o22a_2
        6   67.565   sky130_fd_sc_hd__o2bb2a_2
        1   11.261   sky130_fd_sc_hd__o311a_2
        2   20.019   sky130_fd_sc_hd__o31a_2
        1   11.261   sky130_fd_sc_hd__o32a_2
       39  243.984   sky130_fd_sc_hd__or2_2
        5   37.536   sky130_fd_sc_hd__or3_2
        2   17.517   sky130_fd_sc_hd__or3b_2
        3   26.275   sky130_fd_sc_hd__or4_2
      176 2.86E+03   sky130_fd_sc_hd__xnor2_2
       65 1.06E+03   sky130_fd_sc_hd__xor2_2

   Chip area for module '\compute_core': 12293.040000
     of which used for sequential elements: 1488.928000 (12.11%)

