

1. Executing Liberty frontend: /Users/kaylee/.volare/volare/sky130/versions/0fe599b2afb6708d281543108caf8310912f54af/sky130A/libs.ref/sky130_fd_sc_hd/lib/sky130_fd_sc_hd__tt_025C_1v80.lib
Imported 428 cell types from liberty file.
[INFO] Using SDC file '/Users/kaylee/Projects/ece510/codefest/cf07/runs/RUN_4ns/05-yosys-synthesis/synthesis.abc.sdc' for ABC…

2. Executing Verilog-2005 frontend: /Users/kaylee/Projects/ece510/codefest/cf07/hdl/synth_top.sv
Parsing SystemVerilog input from `/Users/kaylee/Projects/ece510/codefest/cf07/hdl/synth_top.sv' to AST representation.
Storing AST representation for module `$abstract\compute_core'.
Successfully finished Verilog frontend.

3. Executing HIERARCHY pass (managing design hierarchy).

4. Executing AST frontend in derive mode using pre-parsed AST for module `\compute_core'.
Generating RTLIL representation for module `\compute_core'.

4.1. Analyzing design hierarchy..
Top module:  \compute_core

4.2. Analyzing design hierarchy..
Top module:  \compute_core
Removing unused module `$abstract\compute_core'.
Removed 1 unused modules.
Renaming module compute_core to compute_core.

5. Generating Graphviz representation of design.
Writing dot description to `/Users/kaylee/Projects/ece510/codefest/cf07/runs/RUN_4ns/05-yosys-synthesis/hierarchy.dot'.
Dumping module compute_core to page 1.

6. Executing TRIBUF pass.

7. Executing HIERARCHY pass (managing design hierarchy).

7.1. Analyzing design hierarchy..
Top module:  \compute_core

7.2. Analyzing design hierarchy..
Top module:  \compute_core
Removed 0 unused modules.

8. Executing PROC_CLEAN pass (remove empty switches from decision trees).
Cleaned up 0 empty switches.

9. Executing PROC_RMDEAD pass (remove dead branches from decision trees).
Marked 3 switch rules as full_case in process $proc$/Users/kaylee/Projects/ece510/codefest/cf07/hdl/synth_top.sv:58$9 in module compute_core.
Removed a total of 0 dead cases.

10. Executing PROC_PRUNE pass (remove redundant assignments in processes).
Removed 1 redundant assignment.
Promoted 0 assignments to connections.

11. Executing PROC_INIT pass (extract init attributes).

12. Executing PROC_ARST pass (detect async resets in processes).

13. Executing PROC_ROM pass (convert switches to ROMs).
Converted 0 switches.
<suppressed ~4 debug messages>

14. Executing PROC_MUX pass (convert decision trees to multiplexers).
Creating decoders for process `\compute_core.$proc$/Users/kaylee/Projects/ece510/codefest/cf07/hdl/synth_top.sv:58$9'.
     1/5: $0\done[0:0]
     2/5: $0\accumulator[31:0]
     3/5: $0\tap_index[3:0]
     4/5: $0\result[31:0]
     5/5: $0\busy[0:0]

15. Executing PROC_DLATCH pass (convert process syncs to latches).

16. Executing PROC_DFF pass (convert process syncs to FFs).
Creating register for signal `\compute_core.\busy' using process `\compute_core.$proc$/Users/kaylee/Projects/ece510/codefest/cf07/hdl/synth_top.sv:58$9'.
  created $dff cell `$procdff$66' with positive edge clock.
Creating register for signal `\compute_core.\done' using process `\compute_core.$proc$/Users/kaylee/Projects/ece510/codefest/cf07/hdl/synth_top.sv:58$9'.
  created $dff cell `$procdff$67' with positive edge clock.
Creating register for signal `\compute_core.\result' using process `\compute_core.$proc$/Users/kaylee/Projects/ece510/codefest/cf07/hdl/synth_top.sv:58$9'.
  created $dff cell `$procdff$68' with positive edge clock.
Creating register for signal `\compute_core.\tap_index' using process `\compute_core.$proc$/Users/kaylee/Projects/ece510/codefest/cf07/hdl/synth_top.sv:58$9'.
  created $dff cell `$procdff$69' with positive edge clock.
Creating register for signal `\compute_core.\accumulator' using process `\compute_core.$proc$/Users/kaylee/Projects/ece510/codefest/cf07/hdl/synth_top.sv:58$9'.
  created $dff cell `$procdff$70' with positive edge clock.

17. Executing PROC_MEMWR pass (convert process memory writes to cells).

18. Executing PROC_CLEAN pass (remove empty switches from decision trees).
Found and cleaned up 4 empty switches in `\compute_core.$proc$/Users/kaylee/Projects/ece510/codefest/cf07/hdl/synth_top.sv:58$9'.
Removing empty process `compute_core.$proc$/Users/kaylee/Projects/ece510/codefest/cf07/hdl/synth_top.sv:58$9'.
Cleaned up 4 empty switches.

19. Executing CHECK pass (checking for obvious problems).
Checking module compute_core...
Found and reported 0 problems.

20. Executing OPT_EXPR pass (perform const folding).
Optimizing module compute_core.
<suppressed ~6 debug messages>

21. Executing FLATTEN pass (flatten design).

22. Executing OPT_EXPR pass (perform const folding).
Optimizing module compute_core.

23. Executing OPT_CLEAN pass (remove unused cells and wires).
Finding unused cells or wires in module \compute_core..
Removed 0 unused cells and 32 unused wires.
<suppressed ~3 debug messages>

24. Executing OPT_EXPR pass (perform const folding).
Optimizing module compute_core.

25. Executing OPT_MERGE pass (detect identical cells).
Finding identical cells in module `\compute_core'.
Computing hashes of 32 cells of `\compute_core'.
Finding duplicate cells in `\compute_core'.
Removed a total of 0 cells.

26. Executing OPT_MUXTREE pass (detect dead branches in mux trees).
Running muxtree optimizer on module \compute_core..
  Creating internal representation of mux trees.
  Evaluating internal representation of mux trees.
      Replacing known input bits on port A of cell $procmux$58: \busy -> 1'0
      Replacing known input bits on port A of cell $procmux$56: \busy -> 1'1
  Analyzing evaluation results.
Removed 0 multiplexer ports.
<suppressed ~24 debug messages>

27. Executing OPT_REDUCE pass (consolidate $*mux and $reduce_* inputs).
  Optimizing cells in module \compute_core.
Performed a total of 0 changes.

28. Executing OPT_MERGE pass (detect identical cells).
Finding identical cells in module `\compute_core'.
Computing hashes of 32 cells of `\compute_core'.
Finding duplicate cells in `\compute_core'.
Removed a total of 0 cells.

29. Executing OPT_DFF pass (perform DFF optimizations).

30. Executing OPT_CLEAN pass (remove unused cells and wires).
Finding unused cells or wires in module \compute_core..

31. Executing OPT_EXPR pass (perform const folding).
Optimizing module compute_core.

32. Executing FSM pass (extract and optimize FSM).

32.1. Executing FSM_DETECT pass (finding FSMs in design).

32.2. Executing FSM_EXTRACT pass (extracting FSM from design).

32.3. Executing FSM_OPT pass (simple optimizations of FSMs).

32.4. Executing OPT_CLEAN pass (remove unused cells and wires).
Finding unused cells or wires in module \compute_core..

32.5. Executing FSM_OPT pass (simple optimizations of FSMs).

32.6. Executing FSM_RECODE pass (re-assigning FSM state encoding).

32.7. Executing FSM_INFO pass (dumping all available information on FSM cells).

32.8. Executing FSM_MAP pass (mapping FSMs to basic logic).

33. Executing OPT_EXPR pass (perform const folding).
Optimizing module compute_core.

34. Executing OPT_MERGE pass (detect identical cells).
Finding identical cells in module `\compute_core'.
Computing hashes of 32 cells of `\compute_core'.
Finding duplicate cells in `\compute_core'.
Removed a total of 0 cells.

35. Executing OPT_MUXTREE pass (detect dead branches in mux trees).
Running muxtree optimizer on module \compute_core..
  Creating internal representation of mux trees.
  Evaluating internal representation of mux trees.
  Analyzing evaluation results.
Removed 0 multiplexer ports.
<suppressed ~24 debug messages>

36. Executing OPT_REDUCE pass (consolidate $*mux and $reduce_* inputs).
  Optimizing cells in module \compute_core.
Performed a total of 0 changes.

37. Executing OPT_MERGE pass (detect identical cells).
Finding identical cells in module `\compute_core'.
Computing hashes of 32 cells of `\compute_core'.
Finding duplicate cells in `\compute_core'.
Removed a total of 0 cells.

38. Executing OPT_DFF pass (perform DFF optimizations).
Adding SRST signal on $procdff$70 ($dff) from module compute_core (D = $procmux$28_Y, Q = \accumulator, rval = 0).
Adding EN signal on $auto$ff.cc:337:slice$71 ($sdff) from module compute_core (D = $procmux$28_Y, Q = \accumulator).
Adding SRST signal on $procdff$69 ($dff) from module compute_core (D = $procmux$36_Y, Q = \tap_index, rval = 4'0000).
Adding EN signal on $auto$ff.cc:337:slice$75 ($sdff) from module compute_core (D = $add$/Users/kaylee/Projects/ece510/codefest/cf07/hdl/synth_top.sv:80$13_Y, Q = \tap_index).
Adding SRST signal on $procdff$68 ($dff) from module compute_core (D = $procmux$50_Y, Q = \result, rval = 0).
Adding EN signal on $auto$ff.cc:337:slice$83 ($sdff) from module compute_core (D = \next_accumulator, Q = \result).
Adding SRST signal on $procdff$67 ($dff) from module compute_core (D = $procmux$15_Y, Q = \done, rval = 1'0).
Adding SRST signal on $procdff$66 ($dff) from module compute_core (D = $procmux$61_Y, Q = \busy, rval = 1'0).

39. Executing OPT_CLEAN pass (remove unused cells and wires).
Finding unused cells or wires in module \compute_core..
Removed 13 unused cells and 13 unused wires.
<suppressed ~14 debug messages>

40. Executing OPT_EXPR pass (perform const folding).
Optimizing module compute_core.
<suppressed ~1 debug messages>

41. Rerunning OPT passes. (Maybe there is more to do…)

42. Executing OPT_MUXTREE pass (detect dead branches in mux trees).
Running muxtree optimizer on module \compute_core..
  Creating internal representation of mux trees.
  Evaluating internal representation of mux trees.
  Analyzing evaluation results.
Removed 0 multiplexer ports.
<suppressed ~9 debug messages>

43. Executing OPT_REDUCE pass (consolidate $*mux and $reduce_* inputs).
  Optimizing cells in module \compute_core.
Performed a total of 0 changes.

44. Executing OPT_MERGE pass (detect identical cells).
Finding identical cells in module `\compute_core'.
Computing hashes of 27 cells of `\compute_core'.
Finding duplicate cells in `\compute_core'.
Removed a total of 0 cells.

45. Executing OPT_DFF pass (perform DFF optimizations).

46. Executing OPT_CLEAN pass (remove unused cells and wires).
Finding unused cells or wires in module \compute_core..

47. Executing OPT_EXPR pass (perform const folding).
Optimizing module compute_core.

48. Executing WREDUCE pass (reducing word size of cells).
Removed top 24 bits (of 32) from port B of cell compute_core.$shiftx$/Users/kaylee/Projects/ece510/codefest/cf07/hdl/synth_top.sv:52$3 ($shiftx).
Removed top 24 bits (of 32) from port B of cell compute_core.$shiftx$/Users/kaylee/Projects/ece510/codefest/cf07/hdl/synth_top.sv:53$6 ($shiftx).
Removed top 16 bits (of 32) from port B of cell compute_core.$add$/Users/kaylee/Projects/ece510/codefest/cf07/hdl/synth_top.sv:56$8 ($add).

49. Executing PEEPOPT pass (run peephole optimizers).

50. Executing OPT_CLEAN pass (remove unused cells and wires).
Finding unused cells or wires in module \compute_core..

51. Executing ALUMACC pass (create $alu and $macc cells).
Extracting $alu and $macc cells in module compute_core:
  creating $macc model for $add$/Users/kaylee/Projects/ece510/codefest/cf07/hdl/synth_top.sv:56$8 ($add).
  creating $macc model for $add$/Users/kaylee/Projects/ece510/codefest/cf07/hdl/synth_top.sv:80$13 ($add).
  creating $macc model for $mul$/Users/kaylee/Projects/ece510/codefest/cf07/hdl/synth_top.sv:54$7 ($mul).
  merging $macc model for $mul$/Users/kaylee/Projects/ece510/codefest/cf07/hdl/synth_top.sv:54$7 into $add$/Users/kaylee/Projects/ece510/codefest/cf07/hdl/synth_top.sv:56$8.
  creating $alu model for $macc $add$/Users/kaylee/Projects/ece510/codefest/cf07/hdl/synth_top.sv:80$13.
  creating $macc cell for $add$/Users/kaylee/Projects/ece510/codefest/cf07/hdl/synth_top.sv:56$8: $auto$alumacc.cc:382:replace_macc$95
  creating $alu cell for $add$/Users/kaylee/Projects/ece510/codefest/cf07/hdl/synth_top.sv:80$13: $auto$alumacc.cc:512:replace_alu$96
  created 1 $alu and 1 $macc cells.

52. Executing SHARE pass (SAT-based resource sharing).

53. Executing OPT_EXPR pass (perform const folding).
Optimizing module compute_core.

54. Executing OPT_MERGE pass (detect identical cells).
Finding identical cells in module `\compute_core'.
Computing hashes of 27 cells of `\compute_core'.
Finding duplicate cells in `\compute_core'.
Removed a total of 0 cells.

55. Executing OPT_MUXTREE pass (detect dead branches in mux trees).
Running muxtree optimizer on module \compute_core..
  Creating internal representation of mux trees.
  Evaluating internal representation of mux trees.
  Analyzing evaluation results.
Removed 0 multiplexer ports.
<suppressed ~9 debug messages>

56. Executing OPT_REDUCE pass (consolidate $*mux and $reduce_* inputs).
  Optimizing cells in module \compute_core.
Performed a total of 0 changes.

57. Executing OPT_MERGE pass (detect identical cells).
Finding identical cells in module `\compute_core'.
Computing hashes of 27 cells of `\compute_core'.
Finding duplicate cells in `\compute_core'.
Removed a total of 0 cells.

58. Executing OPT_DFF pass (perform DFF optimizations).

59. Executing OPT_CLEAN pass (remove unused cells and wires).
Finding unused cells or wires in module \compute_core..
Removed 1 unused cells and 2 unused wires.
<suppressed ~3 debug messages>

60. Executing OPT_EXPR pass (perform const folding).
Optimizing module compute_core.

61. Rerunning OPT passes. (Maybe there is more to do…)

62. Executing OPT_MUXTREE pass (detect dead branches in mux trees).
Running muxtree optimizer on module \compute_core..
  Creating internal representation of mux trees.
  Evaluating internal representation of mux trees.
  Analyzing evaluation results.
Removed 0 multiplexer ports.
<suppressed ~9 debug messages>

63. Executing OPT_REDUCE pass (consolidate $*mux and $reduce_* inputs).
  Optimizing cells in module \compute_core.
Performed a total of 0 changes.

64. Executing OPT_MERGE pass (detect identical cells).
Finding identical cells in module `\compute_core'.
Computing hashes of 26 cells of `\compute_core'.
Finding duplicate cells in `\compute_core'.
Removed a total of 0 cells.

65. Executing OPT_DFF pass (perform DFF optimizations).

66. Executing OPT_CLEAN pass (remove unused cells and wires).
Finding unused cells or wires in module \compute_core..

67. Executing OPT_EXPR pass (perform const folding).
Optimizing module compute_core.

68. Executing MEMORY pass.

68.1. Executing OPT_MEM pass (optimize memories).
Performed a total of 0 transformations.

68.2. Executing OPT_MEM_PRIORITY pass (removing unnecessary memory write priority relations).
Performed a total of 0 transformations.

68.3. Executing OPT_MEM_FEEDBACK pass (finding memory read-to-write feedback paths).

68.4. Executing MEMORY_BMUX2ROM pass (converting muxes to ROMs).

68.5. Executing MEMORY_DFF pass (merging $dff cells to $memrd).

68.6. Executing OPT_CLEAN pass (remove unused cells and wires).
Finding unused cells or wires in module \compute_core..

68.7. Executing MEMORY_SHARE pass (consolidating $memrd/$memwr cells).

68.8. Executing OPT_MEM_WIDEN pass (optimize memories where all ports are wide).
Performed a total of 0 transformations.

68.9. Executing OPT_CLEAN pass (remove unused cells and wires).
Finding unused cells or wires in module \compute_core..

68.10. Executing MEMORY_COLLECT pass (generating $mem cells).

69. Executing OPT_CLEAN pass (remove unused cells and wires).
Finding unused cells or wires in module \compute_core..

70. Executing OPT_EXPR pass (perform const folding).
Optimizing module compute_core.
<suppressed ~5 debug messages>

71. Executing OPT_MERGE pass (detect identical cells).
Finding identical cells in module `\compute_core'.
Computing hashes of 24 cells of `\compute_core'.
Finding duplicate cells in `\compute_core'.
Computing hashes of 23 cells of `\compute_core'.
Finding duplicate cells in `\compute_core'.
<suppressed ~3 debug messages>
Removed a total of 1 cells.

72. Executing OPT_DFF pass (perform DFF optimizations).

73. Executing OPT_CLEAN pass (remove unused cells and wires).
Finding unused cells or wires in module \compute_core..
Removed 0 unused cells and 3 unused wires.
<suppressed ~1 debug messages>

74. Executing MEMORY_MAP pass (converting memories to logic and flip-flops).

75. Executing OPT_EXPR pass (perform const folding).
Optimizing module compute_core.

76. Executing OPT_MERGE pass (detect identical cells).
Finding identical cells in module `\compute_core'.
Computing hashes of 23 cells of `\compute_core'.
Finding duplicate cells in `\compute_core'.
Removed a total of 0 cells.

77. Executing OPT_MUXTREE pass (detect dead branches in mux trees).
Running muxtree optimizer on module \compute_core..
  Creating internal representation of mux trees.
  Evaluating internal representation of mux trees.
  Analyzing evaluation results.
Removed 0 multiplexer ports.
<suppressed ~2 debug messages>

78. Executing OPT_REDUCE pass (consolidate $*mux and $reduce_* inputs).
  Optimizing cells in module \compute_core.
Performed a total of 0 changes.

79. Executing OPT_MERGE pass (detect identical cells).
Finding identical cells in module `\compute_core'.
Computing hashes of 23 cells of `\compute_core'.
Finding duplicate cells in `\compute_core'.
Removed a total of 0 cells.

80. Executing OPT_SHARE pass.

81. Executing OPT_DFF pass (perform DFF optimizations).

82. Executing OPT_CLEAN pass (remove unused cells and wires).
Finding unused cells or wires in module \compute_core..

83. Executing OPT_EXPR pass (perform const folding).
Optimizing module compute_core.

84. Executing TECHMAP pass (map to technology primitives).

84.1. Executing Verilog-2005 frontend: /Users/kaylee/Library/Python/3.10/lib/python/site-packages/pyosys/share/techmap.v
Parsing Verilog input from `/Users/kaylee/Library/Python/3.10/lib/python/site-packages/pyosys/share/techmap.v' to AST representation.
Generating RTLIL representation for module `\_90_simplemap_bool_ops'.
Generating RTLIL representation for module `\_90_simplemap_reduce_ops'.
Generating RTLIL representation for module `\_90_simplemap_logic_ops'.
Generating RTLIL representation for module `\_90_simplemap_compare_ops'.
Generating RTLIL representation for module `\_90_simplemap_various'.
Generating RTLIL representation for module `\_90_simplemap_registers'.
Generating RTLIL representation for module `\_90_shift_ops_shr_shl_sshl_sshr'.
Generating RTLIL representation for module `\_90_shift_shiftx'.
Generating RTLIL representation for module `\_90_fa'.
Generating RTLIL representation for module `\_90_lcu_brent_kung'.
Generating RTLIL representation for module `\_90_alu'.
Generating RTLIL representation for module `\_90_macc'.
Generating RTLIL representation for module `\_90_alumacc'.
Generating RTLIL representation for module `$__div_mod_u'.
Generating RTLIL representation for module `$__div_mod_trunc'.
Generating RTLIL representation for module `\_90_div'.
Generating RTLIL representation for module `\_90_mod'.
Generating RTLIL representation for module `$__div_mod_floor'.
Generating RTLIL representation for module `\_90_divfloor'.
Generating RTLIL representation for module `\_90_modfloor'.
Generating RTLIL representation for module `\_90_pow'.
Generating RTLIL representation for module `\_90_pmux'.
Generating RTLIL representation for module `\_90_demux'.
Generating RTLIL representation for module `\_90_lut'.
Generating RTLIL representation for module `$connect'.
Generating RTLIL representation for module `$input_port'.
Successfully finished Verilog frontend.

84.2. Continuing TECHMAP pass.
Using template $paramod$32a7b7b86c07519b7537abc18e96f0331f97914d\_90_alu for cells of type $alu.
Using extmapper maccmap for cells of type $macc_v2.
  add \activation_tap * \weight_tap (8x8 bits, signed)
  add \accumulator (32 bits, signed)
Using extmapper simplemap for cells of type $sdff.
Using extmapper simplemap for cells of type $reduce_or.
Using extmapper simplemap for cells of type $not.
Using extmapper simplemap for cells of type $reduce_and.
Using extmapper simplemap for cells of type $sdffe.
Using extmapper simplemap for cells of type $reduce_bool.
Using template $paramod$constmap:a613a988efaee6fe68bd2154434accbfa7125b32$paramod$c414f9c4e0e82e8c11577c1142e59cbae97a9ea8\_90_shift_shiftx for cells of type $shiftx.
Using extmapper simplemap for cells of type $logic_not.
Using extmapper simplemap for cells of type $logic_and.
Using extmapper simplemap for cells of type $eq.
Using extmapper simplemap for cells of type $mux.
Using extmapper simplemap for cells of type $and.
Using extmapper simplemap for cells of type $or.
Using template $paramod\_90_fa\WIDTH=32'00000000000000000000000000100000 for cells of type $fa.
Using template $paramod$fbc7873bff55778c0b3173955b7e4bce1d9d6834\_90_alu for cells of type $alu.
Using extmapper simplemap for cells of type $xor.
Using template $paramod\_90_fa\WIDTH=32'00000000000000000000000000000100 for cells of type $fa.
Using template $paramod\_90_lcu_brent_kung\WIDTH=32'00000000000000000000000000000100 for cells of type $lcu.
Using extmapper simplemap for cells of type $pos.
Using template $paramod\_90_lcu_brent_kung\WIDTH=32'00000000000000000000000000100000 for cells of type $lcu.
No more expansions possible.
<suppressed ~877 debug messages>

85. Executing OPT_EXPR pass (perform const folding).
Optimizing module compute_core.
<suppressed ~1485 debug messages>

86. Executing OPT_MERGE pass (detect identical cells).
Finding identical cells in module `\compute_core'.
Computing hashes of 2245 cells of `\compute_core'.
Finding duplicate cells in `\compute_core'.
Computing hashes of 2077 cells of `\compute_core'.
Finding duplicate cells in `\compute_core'.
Computing hashes of 1974 cells of `\compute_core'.
Finding duplicate cells in `\compute_core'.
Computing hashes of 1900 cells of `\compute_core'.
Finding duplicate cells in `\compute_core'.
Computing hashes of 1846 cells of `\compute_core'.
Finding duplicate cells in `\compute_core'.
Computing hashes of 1829 cells of `\compute_core'.
Finding duplicate cells in `\compute_core'.
Computing hashes of 1797 cells of `\compute_core'.
Finding duplicate cells in `\compute_core'.
Computing hashes of 1765 cells of `\compute_core'.
Finding duplicate cells in `\compute_core'.
Computing hashes of 1749 cells of `\compute_core'.
Finding duplicate cells in `\compute_core'.
Computing hashes of 1719 cells of `\compute_core'.
Finding duplicate cells in `\compute_core'.
<suppressed ~1578 debug messages>
Removed a total of 526 cells.

87. Executing OPT_DFF pass (perform DFF optimizations).

88. Executing OPT_CLEAN pass (remove unused cells and wires).
Finding unused cells or wires in module \compute_core..
Removed 461 unused cells and 215 unused wires.
<suppressed ~462 debug messages>

89. Executing OPT_EXPR pass (perform const folding).
Optimizing module compute_core.

90. Executing OPT_MERGE pass (detect identical cells).
Finding identical cells in module `\compute_core'.
Computing hashes of 1258 cells of `\compute_core'.
Finding duplicate cells in `\compute_core'.
Removed a total of 0 cells.

91. Executing OPT_DFF pass (perform DFF optimizations).

92. Executing OPT_CLEAN pass (remove unused cells and wires).
Finding unused cells or wires in module \compute_core..

93. Executing ABC pass (technology mapping using ABC).

93.1. Extracting gate netlist of module `\compute_core' to `<abc-temp-dir>/input.blif'..
Replacing 48 occurrences of constant undef bits with constant zero bits

93.1.1. Executed ABC.
Extracted 1188 gates and 1404 wires to a netlist network with 215 inputs and 75 outputs.
Running ABC script: <abc-temp-dir>/abc.script
ABC: ======== ABC command line "source <abc-temp-dir>/abc.script"
ABC: + read_blif <abc-temp-dir>/input.blif 
ABC: + read_library <abc-temp-dir>/stdcells.genlib 
ABC: + strash 
ABC: + dretime 
ABC: + map 
ABC: + write_blif <abc-temp-dir>/output.blif 

93.1.2. Re-integrating ABC results.
ABC RESULTS:               AND cells:       35
ABC RESULTS:            ANDNOT cells:      353
ABC RESULTS:               MUX cells:      161
ABC RESULTS:              NAND cells:       31
ABC RESULTS:               NOR cells:       38
ABC RESULTS:               NOT cells:       24
ABC RESULTS:                OR cells:      155
ABC RESULTS:             ORNOT cells:       61
ABC RESULTS:              XNOR cells:       71
ABC RESULTS:               XOR cells:      269
ABC RESULTS:        internal signals:     1114
ABC RESULTS:           input signals:      215
ABC RESULTS:          output signals:       75
Removing temp directory.
Removing global temp directory.

94. Executing OPT pass (performing simple optimizations).

94.1. Executing OPT_EXPR pass (perform const folding).
Optimizing module compute_core.
<suppressed ~64 debug messages>

94.2. Executing OPT_MERGE pass (detect identical cells).
Finding identical cells in module `\compute_core'.
Computing hashes of 1268 cells of `\compute_core'.
Finding duplicate cells in `\compute_core'.
Removed a total of 0 cells.

94.3. Executing OPT_DFF pass (perform DFF optimizations).

94.4. Executing OPT_CLEAN pass (remove unused cells and wires).
Finding unused cells or wires in module \compute_core..
Removed 2 unused cells and 415 unused wires.
<suppressed ~5 debug messages>

94.5. Finished fast OPT passes.

95. Executing HIERARCHY pass (managing design hierarchy).

95.1. Analyzing design hierarchy..
Top module:  \compute_core

95.2. Analyzing design hierarchy..
Top module:  \compute_core
Removed 0 unused modules.

96. Executing CHECK pass (checking for obvious problems).
Checking module compute_core...
Found and reported 0 problems.

97. Printing statistics.

=== compute_core ===

        +----------Local Count, excluding submodules.
        | 
     1174 wires
     1449 wire bits
       12 public wires
      281 public wire bits
        9 ports
      213 port bits
     1266 cells
      353   $_ANDNOT_
       35   $_AND_
      161   $_MUX_
       31   $_NAND_
       38   $_NOR_
       22   $_NOT_
       61   $_ORNOT_
      155   $_OR_
       68   $_SDFFE_PP0P_
        2   $_SDFF_PP0_
       71   $_XNOR_
      269   $_XOR_

98. Generating Graphviz representation of design.
Writing dot description to `/Users/kaylee/Projects/ece510/codefest/cf07/runs/RUN_4ns/05-yosys-synthesis/primitive_techmap.dot'.
Dumping module compute_core to page 1.

99. Executing OPT pass (performing simple optimizations).

99.1. Executing OPT_EXPR pass (perform const folding).
Optimizing module compute_core.

99.2. Executing OPT_MERGE pass (detect identical cells).
Finding identical cells in module `\compute_core'.
Computing hashes of 1266 cells of `\compute_core'.
Finding duplicate cells in `\compute_core'.
Removed a total of 0 cells.

99.3. Executing OPT_MUXTREE pass (detect dead branches in mux trees).
Running muxtree optimizer on module \compute_core..
  Creating internal representation of mux trees.
  No muxes found in this module.
Removed 0 multiplexer ports.

99.4. Executing OPT_REDUCE pass (consolidate $*mux and $reduce_* inputs).
  Optimizing cells in module \compute_core.
Performed a total of 0 changes.

99.5. Executing OPT_MERGE pass (detect identical cells).
Finding identical cells in module `\compute_core'.
Computing hashes of 1266 cells of `\compute_core'.
Finding duplicate cells in `\compute_core'.
Removed a total of 0 cells.

99.6. Executing OPT_DFF pass (perform DFF optimizations).

99.7. Executing OPT_CLEAN pass (remove unused cells and wires).
Finding unused cells or wires in module \compute_core..

99.8. Executing OPT_EXPR pass (perform const folding).
Optimizing module compute_core.

99.9. Finished fast OPT passes. (There is nothing left to do.)

100. Executing OPT_CLEAN pass (remove unused cells and wires).
Finding unused cells or wires in module \compute_core..
{
   "creator": "Yosys 0.64+1 (git sha1 7c714b8ac, clang++ 17.0.0 -fPIC -O3)",
   "invocation": "stat -json -liberty /Users/kaylee/Projects/ece510/codefest/cf07/runs/RUN_4ns/tmp/90f08cd0af8743a58c2611a33a7d82b2.lib ",
   "modules": {
      "\\compute_core": {
         "num_wires":         1174,
         "num_wire_bits":     1449,
         "num_pub_wires":     12,
         "num_pub_wire_bits": 281,
         "num_ports":         9,
         "num_port_bits":     213,
         "num_memories":      0,
         "num_memory_bits":   0,
         "num_processes":     0,
         "num_cells":         1266,
         "num_submodules":       0,
         "num_cells_by_type": {
            "$_ANDNOT_": 353,
            "$_AND_": 35,
            "$_MUX_": 161,
            "$_NAND_": 31,
            "$_NOR_": 38,
            "$_NOT_": 22,
            "$_ORNOT_": 61,
            "$_OR_": 155,
            "$_SDFFE_PP0P_": 68,
            "$_SDFF_PP0_": 2,
            "$_XNOR_": 71,
            "$_XOR_": 269
         }
      }
   },
      "design": {
         "num_wires":         1174,
         "num_wire_bits":     1449,
         "num_pub_wires":     12,
         "num_pub_wire_bits": 281,
         "num_ports":         9,
         "num_port_bits":     213,
         "num_memories":      0,
         "num_memory_bits":   0,
         "num_processes":     0,
         "num_cells":         1266,
         "num_submodules":       0,
         "num_cells_by_type": {
            "$_ANDNOT_": 353,
            "$_AND_": 35,
            "$_MUX_": 161,
            "$_NAND_": 31,
            "$_NOR_": 38,
            "$_NOT_": 22,
            "$_ORNOT_": 61,
            "$_OR_": 155,
            "$_SDFFE_PP0P_": 68,
            "$_SDFF_PP0_": 2,
            "$_XNOR_": 71,
            "$_XOR_": 269
         }
      }
}

101. Printing statistics.

=== compute_core ===

        +----------Local Count, excluding submodules.
        | 
     1174 wires
     1449 wire bits
       12 public wires
      281 public wire bits
        9 ports
      213 port bits
     1266 cells
      353   $_ANDNOT_
       35   $_AND_
      161   $_MUX_
       31   $_NAND_
       38   $_NOR_
       22   $_NOT_
       61   $_ORNOT_
      155   $_OR_
       68   $_SDFFE_PP0P_
        2   $_SDFF_PP0_
       71   $_XNOR_
      269   $_XOR_

   Area for cell type $_ANDNOT_ is unknown!
   Area for cell type $_AND_ is unknown!
   Area for cell type $_MUX_ is unknown!
   Area for cell type $_NAND_ is unknown!
   Area for cell type $_NOR_ is unknown!
   Area for cell type $_NOT_ is unknown!
   Area for cell type $_ORNOT_ is unknown!
   Area for cell type $_OR_ is unknown!
   Area for cell type $_SDFFE_PP0P_ is unknown!
   Area for cell type $_SDFF_PP0_ is unknown!
   Area for cell type $_XNOR_ is unknown!
   Area for cell type $_XOR_ is unknown!

[INFO] Applying tri-state buffer mapping from '/Users/kaylee/.volare/volare/sky130/versions/0fe599b2afb6708d281543108caf8310912f54af/sky130A/libs.tech/openlane/sky130_fd_sc_hd/tribuff_map.v'…

102. Executing TECHMAP pass (map to technology primitives).

102.1. Executing Verilog-2005 frontend: /Users/kaylee/.volare/volare/sky130/versions/0fe599b2afb6708d281543108caf8310912f54af/sky130A/libs.tech/openlane/sky130_fd_sc_hd/tribuff_map.v
Parsing Verilog input from `/Users/kaylee/.volare/volare/sky130/versions/0fe599b2afb6708d281543108caf8310912f54af/sky130A/libs.tech/openlane/sky130_fd_sc_hd/tribuff_map.v' to AST representation.
Generating RTLIL representation for module `$_TBUF_'.
Successfully finished Verilog frontend.

102.2. Continuing TECHMAP pass.
No more expansions possible.
<suppressed ~3 debug messages>

103. Executing SIMPLEMAP pass (map simple cells to gate primitives).
[INFO] Applying latch mapping from '/Users/kaylee/.volare/volare/sky130/versions/0fe599b2afb6708d281543108caf8310912f54af/sky130A/libs.tech/openlane/sky130_fd_sc_hd/latch_map.v'…

104. Executing TECHMAP pass (map to technology primitives).

104.1. Executing Verilog-2005 frontend: /Users/kaylee/.volare/volare/sky130/versions/0fe599b2afb6708d281543108caf8310912f54af/sky130A/libs.tech/openlane/sky130_fd_sc_hd/latch_map.v
Parsing Verilog input from `/Users/kaylee/.volare/volare/sky130/versions/0fe599b2afb6708d281543108caf8310912f54af/sky130A/libs.tech/openlane/sky130_fd_sc_hd/latch_map.v' to AST representation.
Generating RTLIL representation for module `$_DLATCH_P_'.
Generating RTLIL representation for module `$_DLATCH_N_'.
Successfully finished Verilog frontend.

104.2. Continuing TECHMAP pass.
No more expansions possible.
<suppressed ~4 debug messages>

105. Executing SIMPLEMAP pass (map simple cells to gate primitives).

106. Executing DFFLIBMAP pass (mapping DFF cells to sequential cells from liberty file).
  cell sky130_fd_sc_hd__dfxtp_2 (noninv, pins=3, area=21.27) is a direct match for cell type $_DFF_P_.
  cell sky130_fd_sc_hd__dfrtp_2 (noninv, pins=4, area=26.28) is a direct match for cell type $_DFF_PN0_.
  cell sky130_fd_sc_hd__dfstp_2 (noninv, pins=4, area=26.28) is a direct match for cell type $_DFF_PN1_.
  cell sky130_fd_sc_hd__dfbbn_2 (noninv, pins=6, area=35.03) is a direct match for cell type $_DFFSR_NNN_.
  final dff cell mappings:
    unmapped dff cell: $_DFF_N_
    \sky130_fd_sc_hd__dfxtp_2 _DFF_P_ (.CLK( C), .D( D), .Q( Q));
    unmapped dff cell: $_DFF_NN0_
    unmapped dff cell: $_DFF_NN1_
    unmapped dff cell: $_DFF_NP0_
    unmapped dff cell: $_DFF_NP1_
    \sky130_fd_sc_hd__dfrtp_2 _DFF_PN0_ (.CLK( C), .D( D), .Q( Q), .RESET_B( R));
    \sky130_fd_sc_hd__dfstp_2 _DFF_PN1_ (.CLK( C), .D( D), .Q( Q), .SET_B( R));
    unmapped dff cell: $_DFF_PP0_
    unmapped dff cell: $_DFF_PP1_
    unmapped dff cell: $_DFFE_NN_
    unmapped dff cell: $_DFFE_NP_
    unmapped dff cell: $_DFFE_PN_
    unmapped dff cell: $_DFFE_PP_
    \sky130_fd_sc_hd__dfbbn_2 _DFFSR_NNN_ (.CLK_N( C), .D( D), .Q( Q), .Q_N(~Q), .RESET_B( R), .SET_B( S));
    unmapped dff cell: $_DFFSR_NNP_
    unmapped dff cell: $_DFFSR_NPN_
    unmapped dff cell: $_DFFSR_NPP_
    unmapped dff cell: $_DFFSR_PNN_
    unmapped dff cell: $_DFFSR_PNP_
    unmapped dff cell: $_DFFSR_PPN_
    unmapped dff cell: $_DFFSR_PPP_

106.1. Executing DFFLEGALIZE pass (convert FFs to types supported by the target).
Mapping DFF cells in module `\compute_core':
  mapped 70 $_DFF_P_ cells to \sky130_fd_sc_hd__dfxtp_2 cells.
{
   "creator": "Yosys 0.64+1 (git sha1 7c714b8ac, clang++ 17.0.0 -fPIC -O3)",
   "invocation": "stat -json -liberty /Users/kaylee/Projects/ece510/codefest/cf07/runs/RUN_4ns/tmp/90f08cd0af8743a58c2611a33a7d82b2.lib ",
   "modules": {
      "\\compute_core": {
         "num_wires":         1312,
         "num_wire_bits":     1587,
         "num_pub_wires":     12,
         "num_pub_wire_bits": 281,
         "num_ports":         9,
         "num_port_bits":     213,
         "num_memories":      0,
         "num_memory_bits":   0,
         "num_processes":     0,
         "num_cells":         1404,
         "num_submodules":       0,
         "area":              1488.928000,
         "sequential_area":    1488.928000,
         "num_cells_by_type": {
            "$_ANDNOT_": 353,
            "$_AND_": 35,
            "$_MUX_": 299,
            "$_NAND_": 31,
            "$_NOR_": 38,
            "$_NOT_": 22,
            "$_ORNOT_": 61,
            "$_OR_": 155,
            "$_XNOR_": 71,
            "$_XOR_": 269,
            "sky130_fd_sc_hd__dfxtp_2": 70
         }
      }
   },
      "design": {
         "num_wires":         1312,
         "num_wire_bits":     1587,
         "num_pub_wires":     12,
         "num_pub_wire_bits": 281,
         "num_ports":         9,
         "num_port_bits":     213,
         "num_memories":      0,
         "num_memory_bits":   0,
         "num_processes":     0,
         "num_cells":         1404,
         "num_submodules":       0,
         "area":              1488.928000,
         "sequential_area":    1488.928000,
         "num_cells_by_type": {
            "$_ANDNOT_": 353,
            "$_AND_": 35,
            "$_MUX_": 299,
            "$_NAND_": 31,
            "$_NOR_": 38,
            "$_NOT_": 22,
            "$_ORNOT_": 61,
            "$_OR_": 155,
            "$_XNOR_": 71,
            "$_XOR_": 269,
            "sky130_fd_sc_hd__dfxtp_2": 70
         }
      }
}

107. Printing statistics.

=== compute_core ===

        +----------Local Count, excluding submodules.
        |        +-Local Area, excluding submodules.
        |        | 
     1312        - wires
     1587        - wire bits
       12        - public wires
      281        - public wire bits
        9        - ports
      213        - port bits
     1404 1.49E+03 cells
      353        -   $_ANDNOT_
       35        -   $_AND_
      299        -   $_MUX_
       31        -   $_NAND_
       38        -   $_NOR_
       22        -   $_NOT_
       61        -   $_ORNOT_
      155        -   $_OR_
       71        -   $_XNOR_
      269        -   $_XOR_
       70 1.49E+03   sky130_fd_sc_hd__dfxtp_2

   Area for cell type $_ANDNOT_ is unknown!
   Area for cell type $_AND_ is unknown!
   Area for cell type $_MUX_ is unknown!
   Area for cell type $_NAND_ is unknown!
   Area for cell type $_NOR_ is unknown!
   Area for cell type $_NOT_ is unknown!
   Area for cell type $_ORNOT_ is unknown!
   Area for cell type $_OR_ is unknown!
   Area for cell type $_XNOR_ is unknown!
   Area for cell type $_XOR_ is unknown!

   Chip area for module '\compute_core': 1488.928000
     of which used for sequential elements: 1488.928000 (100.00%)

[INFO] Using generated ABC script '/Users/kaylee/Projects/ece510/codefest/cf07/runs/RUN_4ns/05-yosys-synthesis/AREA_0.abc'…

108. Executing ABC pass (technology mapping using ABC).

108.1. Extracting gate netlist of module `\compute_core' to `/var/folders/09/2vdxr6bn4rg9vb094c2z52cm0000gn/T/yosys-abc-5lNOMa/input.blif'..

108.1.1. Executed ABC.
Extracted 1334 gates and 1582 wires to a netlist network with 247 inputs and 70 outputs.
Running ABC script: /var/folders/09/2vdxr6bn4rg9vb094c2z52cm0000gn/T/yosys-abc-5lNOMa/abc.script
ABC: ======== ABC command line "source /var/folders/09/2vdxr6bn4rg9vb094c2z52cm0000gn/T/yosys-abc-5lNOMa/abc.script"
ABC: + read_blif /var/folders/09/2vdxr6bn4rg9vb094c2z52cm0000gn/T/yosys-abc-5lNOMa/input.blif 
ABC: + read_lib -w /Users/kaylee/Projects/ece510/codefest/cf07/runs/RUN_4ns/tmp/90f08cd0af8743a58c2611a33a7d82b2.lib 
ABC: Parsing finished successfully.  Parsing time =     0.03 sec
ABC: Scl_LibertyReadGenlib() skipped sequential cell "sky130_fd_sc_hd__dfbbn_2".
ABC: Scl_LibertyReadGenlib() skipped sequential cell "sky130_fd_sc_hd__dfrbp_2".
ABC: Scl_LibertyReadGenlib() skipped sequential cell "sky130_fd_sc_hd__dfrtp_2".
ABC: Scl_LibertyReadGenlib() skipped sequential cell "sky130_fd_sc_hd__dfrtp_4".
ABC: Scl_LibertyReadGenlib() skipped sequential cell "sky130_fd_sc_hd__dfsbp_2".
ABC: Scl_LibertyReadGenlib() skipped sequential cell "sky130_fd_sc_hd__dfstp_2".
ABC: Scl_LibertyReadGenlib() skipped sequential cell "sky130_fd_sc_hd__dfstp_4".
ABC: Scl_LibertyReadGenlib() skipped sequential cell "sky130_fd_sc_hd__dfxbp_2".
ABC: Scl_LibertyReadGenlib() skipped sequential cell "sky130_fd_sc_hd__dfxtp_2".
ABC: Scl_LibertyReadGenlib() skipped sequential cell "sky130_fd_sc_hd__dfxtp_4".
ABC: Scl_LibertyReadGenlib() skipped sequential cell "sky130_fd_sc_hd__dlxtn_1".
ABC: Scl_LibertyReadGenlib() skipped sequential cell "sky130_fd_sc_hd__dlxtn_2".
ABC: Scl_LibertyReadGenlib() skipped sequential cell "sky130_fd_sc_hd__dlxtn_4".
ABC: Scl_LibertyReadGenlib() skipped sequential cell "sky130_fd_sc_hd__dlxtp_1".
ABC: Scl_LibertyReadGenlib() skipped three-state cell "sky130_fd_sc_hd__ebufn_2".
ABC: Scl_LibertyReadGenlib() skipped three-state cell "sky130_fd_sc_hd__ebufn_4".
ABC: Scl_LibertyReadGenlib() skipped three-state cell "sky130_fd_sc_hd__ebufn_8".
ABC: Library "sky130_fd_sc_hd__tt_025C_1v80" from "/Users/kaylee/Projects/ece510/codefest/cf07/runs/RUN_4ns/tmp/90f08cd0af8743a58c2611a33a7d82b2.lib" has 175 cells (17 skipped: 14 seq; 3 tri-state; 0 no func; 0 dont_use; 0 with 2 outputs; 0 with 3+ outputs).  Time =     0.04 sec
ABC: Memory =    9.54 MB. Time =     0.04 sec
ABC: Warning: Detected 2 multi-output cells (for example, "sky130_fd_sc_hd__fa_1").
ABC: + read_constr -v /Users/kaylee/Projects/ece510/codefest/cf07/runs/RUN_4ns/05-yosys-synthesis/synthesis.abc.sdc 
ABC: Setting driving cell to be "sky130_fd_sc_hd__inv_2/Y".
ABC: Setting output load to be 33.442001.
ABC: + source /Users/kaylee/Projects/ece510/codefest/cf07/runs/RUN_4ns/05-yosys-synthesis/AREA_0.abc 
ABC: Error: The network is combinational.
ABC: Cannot find the default PI driving cell (sky130_fd_sc_hd__inv_2/Y) in the library.
ABC: WireLoad = "none"  Gates =   1049 (  1.7 %)   Cap = 10.2 ff (  3.1 %)   Area =    10804.11 ( 91.2 %)   Delay =  8187.16 ps  (  9.3 %)               
ABC: Path  0 --      34 : 0   59 pi                        A =   0.00  Df =   0.0   -0.0 ps  S =   0.0 ps  Cin =  0.0 ff  Cout = 242.0 ff  Cmax =   0.0 ff  G =    0  
ABC: Path  1 --     368 : 6    1 sky130_fd_sc_hd__mux4_2   A =  22.52  Df = 472.8 -157.2 ps  S =  86.6 ps  Cin =  2.6 ff  Cout =   4.7 ff  Cmax = 301.2 ff  G =  169  
ABC: Path  2 --     369 : 2    1 sky130_fd_sc_hd__nor2_2   A =   6.26  Df = 550.5 -205.8 ps  S =  56.3 ps  Cin =  4.4 ff  Cout =   1.8 ff  Cmax = 141.9 ff  G =   38  
ABC: Path  3 --     374 : 4   10 sky130_fd_sc_hd__or4_2    A =   8.76  Df =1115.1 -354.5 ps  S = 189.6 ps  Cin =  1.5 ff  Cout =  31.7 ff  Cmax = 310.4 ff  G = 2020  
ABC: Path  4 --     387 : 5    2 sky130_fd_sc_hd__a41o_2   A =  11.26  Df =1428.4 -210.4 ps  S =  70.6 ps  Cin =  2.3 ff  Cout =   9.5 ff  Cmax = 325.0 ff  G =  380  
ABC: Path  5 --     388 : 2   45 sky130_fd_sc_hd__nor2_2   A =   6.26  Df =3147.5 -357.7 ps  S =2320.0 ps  Cin =  4.4 ff  Cout = 225.8 ff  Cmax = 141.9 ff  G = 4939  
ABC: Path  6 --     950 : 2    2 sky130_fd_sc_hd__xnor2_2  A =  16.27  Df =3787.7 -620.8 ps  S = 292.0 ps  Cin =  8.5 ff  Cout =  10.1 ff  Cmax = 121.8 ff  G =  115  
ABC: Path  7 --     952 : 2    2 sky130_fd_sc_hd__xnor2_2  A =  16.27  Df =4062.1 -670.6 ps  S = 206.2 ps  Cin =  8.5 ff  Cout =  10.9 ff  Cmax = 121.8 ff  G =  123  
ABC: Path  8 --     953 : 2    2 sky130_fd_sc_hd__xor2_2   A =  16.27  Df =4318.6 -751.9 ps  S = 211.3 ps  Cin =  8.6 ff  Cout =  13.6 ff  Cmax = 130.0 ff  G =  153  
ABC: Path  9 --     967 : 2    2 sky130_fd_sc_hd__xnor2_2  A =  16.27  Df =4548.0 -740.9 ps  S = 229.4 ps  Cin =  8.5 ff  Cout =  14.0 ff  Cmax = 121.8 ff  G =  157  
ABC: Path 10 --     991 : 2    2 sky130_fd_sc_hd__xor2_2   A =  16.27  Df =4756.2 -657.6 ps  S = 212.3 ps  Cin =  8.6 ff  Cout =  13.5 ff  Cmax = 130.0 ff  G =  152  
ABC: Path 11 --    1023 : 2    2 sky130_fd_sc_hd__xnor2_2  A =  16.27  Df =4905.8 -612.0 ps  S = 140.7 ps  Cin =  8.5 ff  Cout =   6.3 ff  Cmax = 121.8 ff  G =   70  
ABC: Path 12 --    1024 : 3    4 sky130_fd_sc_hd__a21oi_2  A =   8.76  Df =4989.9 -469.2 ps  S = 258.8 ps  Cin =  4.6 ff  Cout =  19.4 ff  Cmax = 128.2 ff  G =  407  
ABC: Path 13 --    1028 : 2    3 sky130_fd_sc_hd__or2_2    A =   6.26  Df =5333.1 -114.4 ps  S =  84.9 ps  Cin =  1.5 ff  Cout =  14.0 ff  Cmax = 299.4 ff  G =  919  
ABC: Path 14 --    1112 : 4    1 sky130_fd_sc_hd__o31a_2   A =  10.01  Df =5658.8  -78.3 ps  S =  48.9 ps  Cin =  2.3 ff  Cout =   2.4 ff  Cmax = 285.7 ff  G =   99  
ABC: Path 15 --    1116 : 5    1 sky130_fd_sc_hd__o311a_2  A =  11.26  Df =5770.6   -2.4 ps  S =  53.3 ps  Cin =  2.4 ff  Cout =   2.5 ff  Cmax = 293.9 ff  G =  101  
ABC: Path 16 --    1124 : 5    4 sky130_fd_sc_hd__a2111o_2 A =  12.51  Df =6276.6 -341.6 ps  S =  95.4 ps  Cin =  2.4 ff  Cout =  14.2 ff  Cmax = 324.1 ff  G =  568  
ABC: Path 17 --    1133 : 5    3 sky130_fd_sc_hd__a2111o_2 A =  12.51  Df =6730.7 -517.4 ps  S =  80.8 ps  Cin =  2.4 ff  Cout =   9.1 ff  Cmax = 324.1 ff  G =  362  
ABC: Path 18 --    1137 : 5    2 sky130_fd_sc_hd__a2111o_2 A =  12.51  Df =7215.4 -860.2 ps  S =  73.7 ps  Cin =  2.4 ff  Cout =   6.6 ff  Cmax = 324.1 ff  G =  261  
ABC: Path 19 --    1138 : 2    2 sky130_fd_sc_hd__and2_2   A =   7.51  Df =7437.2 -915.9 ps  S =  77.5 ps  Cin =  1.5 ff  Cout =  11.5 ff  Cmax = 303.0 ff  G =  753  
ABC: Path 20 --    1260 : 3    1 sky130_fd_sc_hd__o21a_2   A =   8.76  Df =7662.6 -988.6 ps  S =  59.5 ps  Cin =  2.4 ff  Cout =   8.4 ff  Cmax = 294.8 ff  G =  346  
ABC: Path 21 --    1261 : 2    2 sky130_fd_sc_hd__xnor2_2  A =  16.27  Df =7812.1 -998.5 ps  S = 155.1 ps  Cin =  8.5 ff  Cout =   7.5 ff  Cmax = 121.8 ff  G =   84  
ABC: Path 22 --    1365 : 3    1 sky130_fd_sc_hd__a21oi_2  A =   8.76  Df =7888.3 -928.2 ps  S = 101.5 ps  Cin =  4.6 ff  Cout =   4.7 ff  Cmax = 128.2 ff  G =   97  
ABC: Path 23 --    1366 : 2    1 sky130_fd_sc_hd__nor2_2   A =   6.26  Df =8187.2-1124.7 ps  S = 372.9 ps  Cin =  4.4 ff  Cout =  33.4 ff  Cmax = 141.9 ff  G =  756  
ABC: Start-point = pi33 (\tap_index [0]).  End-point = po69 ($auto$rtlil.cc:3501:MuxGate$5695).
ABC: netlist                       : i/o =  247/   70  lat =    0  nd =  1049  edge =   2709  area =10806.65  delay =24.00  lev = 24
ABC: + write_blif /var/folders/09/2vdxr6bn4rg9vb094c2z52cm0000gn/T/yosys-abc-5lNOMa/output.blif 

108.1.2. Re-integrating ABC results.
ABC RESULTS:   sky130_fd_sc_hd__a2111o_2 cells:        3
ABC RESULTS:   sky130_fd_sc_hd__a211o_2 cells:        2
ABC RESULTS:   sky130_fd_sc_hd__a21bo_2 cells:       11
ABC RESULTS:   sky130_fd_sc_hd__a21boi_2 cells:        5
ABC RESULTS:   sky130_fd_sc_hd__a21o_2 cells:       59
ABC RESULTS:   sky130_fd_sc_hd__a21oi_2 cells:       86
ABC RESULTS:   sky130_fd_sc_hd__a221oi_2 cells:        1
ABC RESULTS:   sky130_fd_sc_hd__a22o_2 cells:       74
ABC RESULTS:   sky130_fd_sc_hd__a22oi_2 cells:       18
ABC RESULTS:   sky130_fd_sc_hd__a2bb2o_2 cells:        5
ABC RESULTS:   sky130_fd_sc_hd__a31o_2 cells:        6
ABC RESULTS:   sky130_fd_sc_hd__a31oi_2 cells:        1
ABC RESULTS:   sky130_fd_sc_hd__a32o_2 cells:        1
ABC RESULTS:   sky130_fd_sc_hd__a32oi_2 cells:        2
ABC RESULTS:   sky130_fd_sc_hd__a41o_2 cells:        1
ABC RESULTS:   sky130_fd_sc_hd__and2_2 cells:       40
ABC RESULTS:   sky130_fd_sc_hd__and2b_2 cells:       36
ABC RESULTS:   sky130_fd_sc_hd__and3_2 cells:       18
ABC RESULTS:   sky130_fd_sc_hd__and3b_2 cells:        3
ABC RESULTS:   sky130_fd_sc_hd__inv_2 cells:       18
ABC RESULTS:   sky130_fd_sc_hd__mux2_1 cells:       29
ABC RESULTS:   sky130_fd_sc_hd__mux4_2 cells:       16
ABC RESULTS:   sky130_fd_sc_hd__nand2_2 cells:       97
ABC RESULTS:   sky130_fd_sc_hd__nand2b_2 cells:       29
ABC RESULTS:   sky130_fd_sc_hd__nand3_2 cells:        7
ABC RESULTS:   sky130_fd_sc_hd__nor2_2 cells:      120
ABC RESULTS:   sky130_fd_sc_hd__nor3_2 cells:        1
ABC RESULTS:   sky130_fd_sc_hd__o211a_2 cells:        7
ABC RESULTS:   sky130_fd_sc_hd__o21a_2 cells:       13
ABC RESULTS:   sky130_fd_sc_hd__o21ai_2 cells:       14
ABC RESULTS:   sky130_fd_sc_hd__o21ba_2 cells:       15
ABC RESULTS:   sky130_fd_sc_hd__o21bai_2 cells:        3
ABC RESULTS:   sky130_fd_sc_hd__o22a_2 cells:        8
ABC RESULTS:   sky130_fd_sc_hd__o2bb2a_2 cells:        6
ABC RESULTS:   sky130_fd_sc_hd__o311a_2 cells:        1
ABC RESULTS:   sky130_fd_sc_hd__o31a_2 cells:        2
ABC RESULTS:   sky130_fd_sc_hd__o32a_2 cells:        1
ABC RESULTS:   sky130_fd_sc_hd__or2_2 cells:       39
ABC RESULTS:   sky130_fd_sc_hd__or3_2 cells:        5
ABC RESULTS:   sky130_fd_sc_hd__or3b_2 cells:        2
ABC RESULTS:   sky130_fd_sc_hd__or4_2 cells:        3
ABC RESULTS:   sky130_fd_sc_hd__xnor2_2 cells:      176
ABC RESULTS:   sky130_fd_sc_hd__xor2_2 cells:       65
ABC RESULTS:        internal signals:     1265
ABC RESULTS:           input signals:      247
ABC RESULTS:          output signals:       70
Removing temp directory.
Removing global temp directory.

109. Executing SETUNDEF pass (replace undef values with defined constants).

110. Executing HILOMAP pass (mapping to constant drivers).

111. Executing SPLITNETS pass (splitting up multi-bit signals).

112. Executing OPT_CLEAN pass (remove unused cells and wires).
Finding unused cells or wires in module \compute_core..
Removed 0 unused cells and 1585 unused wires.
<suppressed ~33 debug messages>

113. Executing INSBUF pass (insert buffer cells for connected wires).

114. Executing CHECK pass (checking for obvious problems).
Checking module compute_core...
Found and reported 0 problems.
{
   "creator": "Yosys 0.64+1 (git sha1 7c714b8ac, clang++ 17.0.0 -fPIC -O3)",
   "invocation": "stat -json -liberty /Users/kaylee/Projects/ece510/codefest/cf07/runs/RUN_4ns/tmp/90f08cd0af8743a58c2611a33a7d82b2.lib ",
   "modules": {
      "\\compute_core": {
         "num_wires":         1094,
         "num_wire_bits":     1298,
         "num_pub_wires":     45,
         "num_pub_wire_bits": 249,
         "num_ports":         9,
         "num_port_bits":     213,
         "num_memories":      0,
         "num_memory_bits":   0,
         "num_processes":     0,
         "num_cells":         1119,
         "num_submodules":       0,
         "area":              12293.040000,
         "sequential_area":    1488.928000,
         "num_cells_by_type": {
            "sky130_fd_sc_hd__a2111o_2": 3,
            "sky130_fd_sc_hd__a211o_2": 2,
            "sky130_fd_sc_hd__a21bo_2": 11,
            "sky130_fd_sc_hd__a21boi_2": 5,
            "sky130_fd_sc_hd__a21o_2": 59,
            "sky130_fd_sc_hd__a21oi_2": 86,
            "sky130_fd_sc_hd__a221oi_2": 1,
            "sky130_fd_sc_hd__a22o_2": 74,
            "sky130_fd_sc_hd__a22oi_2": 18,
            "sky130_fd_sc_hd__a2bb2o_2": 5,
            "sky130_fd_sc_hd__a31o_2": 6,
            "sky130_fd_sc_hd__a31oi_2": 1,
            "sky130_fd_sc_hd__a32o_2": 1,
            "sky130_fd_sc_hd__a32oi_2": 2,
            "sky130_fd_sc_hd__a41o_2": 1,
            "sky130_fd_sc_hd__and2_2": 40,
            "sky130_fd_sc_hd__and2b_2": 36,
            "sky130_fd_sc_hd__and3_2": 18,
            "sky130_fd_sc_hd__and3b_2": 3,
            "sky130_fd_sc_hd__dfxtp_2": 70,
            "sky130_fd_sc_hd__inv_2": 18,
            "sky130_fd_sc_hd__mux2_1": 29,
            "sky130_fd_sc_hd__mux4_2": 16,
            "sky130_fd_sc_hd__nand2_2": 97,
            "sky130_fd_sc_hd__nand2b_2": 29,
            "sky130_fd_sc_hd__nand3_2": 7,
            "sky130_fd_sc_hd__nor2_2": 120,
            "sky130_fd_sc_hd__nor3_2": 1,
            "sky130_fd_sc_hd__o211a_2": 7,
            "sky130_fd_sc_hd__o21a_2": 13,
            "sky130_fd_sc_hd__o21ai_2": 14,
            "sky130_fd_sc_hd__o21ba_2": 15,
            "sky130_fd_sc_hd__o21bai_2": 3,
            "sky130_fd_sc_hd__o22a_2": 8,
            "sky130_fd_sc_hd__o2bb2a_2": 6,
            "sky130_fd_sc_hd__o311a_2": 1,
            "sky130_fd_sc_hd__o31a_2": 2,
            "sky130_fd_sc_hd__o32a_2": 1,
            "sky130_fd_sc_hd__or2_2": 39,
            "sky130_fd_sc_hd__or3_2": 5,
            "sky130_fd_sc_hd__or3b_2": 2,
            "sky130_fd_sc_hd__or4_2": 3,
            "sky130_fd_sc_hd__xnor2_2": 176,
            "sky130_fd_sc_hd__xor2_2": 65
         }
      }
   },
      "design": {
         "num_wires":         1094,
         "num_wire_bits":     1298,
         "num_pub_wires":     45,
         "num_pub_wire_bits": 249,
         "num_ports":         9,
         "num_port_bits":     213,
         "num_memories":      0,
         "num_memory_bits":   0,
         "num_processes":     0,
         "num_cells":         1119,
         "num_submodules":       0,
         "area":              12293.040000,
         "sequential_area":    1488.928000,
         "num_cells_by_type": {
            "sky130_fd_sc_hd__a2111o_2": 3,
            "sky130_fd_sc_hd__a211o_2": 2,
            "sky130_fd_sc_hd__a21bo_2": 11,
            "sky130_fd_sc_hd__a21boi_2": 5,
            "sky130_fd_sc_hd__a21o_2": 59,
            "sky130_fd_sc_hd__a21oi_2": 86,
            "sky130_fd_sc_hd__a221oi_2": 1,
            "sky130_fd_sc_hd__a22o_2": 74,
            "sky130_fd_sc_hd__a22oi_2": 18,
            "sky130_fd_sc_hd__a2bb2o_2": 5,
            "sky130_fd_sc_hd__a31o_2": 6,
            "sky130_fd_sc_hd__a31oi_2": 1,
            "sky130_fd_sc_hd__a32o_2": 1,
            "sky130_fd_sc_hd__a32oi_2": 2,
            "sky130_fd_sc_hd__a41o_2": 1,
            "sky130_fd_sc_hd__and2_2": 40,
            "sky130_fd_sc_hd__and2b_2": 36,
            "sky130_fd_sc_hd__and3_2": 18,
            "sky130_fd_sc_hd__and3b_2": 3,
            "sky130_fd_sc_hd__dfxtp_2": 70,
            "sky130_fd_sc_hd__inv_2": 18,
            "sky130_fd_sc_hd__mux2_1": 29,
            "sky130_fd_sc_hd__mux4_2": 16,
            "sky130_fd_sc_hd__nand2_2": 97,
            "sky130_fd_sc_hd__nand2b_2": 29,
            "sky130_fd_sc_hd__nand3_2": 7,
            "sky130_fd_sc_hd__nor2_2": 120,
            "sky130_fd_sc_hd__nor3_2": 1,
            "sky130_fd_sc_hd__o211a_2": 7,
            "sky130_fd_sc_hd__o21a_2": 13,
            "sky130_fd_sc_hd__o21ai_2": 14,
            "sky130_fd_sc_hd__o21ba_2": 15,
            "sky130_fd_sc_hd__o21bai_2": 3,
            "sky130_fd_sc_hd__o22a_2": 8,
            "sky130_fd_sc_hd__o2bb2a_2": 6,
            "sky130_fd_sc_hd__o311a_2": 1,
            "sky130_fd_sc_hd__o31a_2": 2,
            "sky130_fd_sc_hd__o32a_2": 1,
            "sky130_fd_sc_hd__or2_2": 39,
            "sky130_fd_sc_hd__or3_2": 5,
            "sky130_fd_sc_hd__or3b_2": 2,
            "sky130_fd_sc_hd__or4_2": 3,
            "sky130_fd_sc_hd__xnor2_2": 176,
            "sky130_fd_sc_hd__xor2_2": 65
         }
      }
}

115. Printing statistics.

=== compute_core ===

        +----------Local Count, excluding submodules.
        |        +-Local Area, excluding submodules.
        |        | 
     1094        - wires
     1298        - wire bits
       45        - public wires
      249        - public wire bits
        9        - ports
      213        - port bits
     1119 1.23E+04 cells
        3   37.536   sky130_fd_sc_hd__a2111o_2
        2   20.019   sky130_fd_sc_hd__a211o_2
       11  110.106   sky130_fd_sc_hd__a21bo_2
        5   56.304   sky130_fd_sc_hd__a21boi_2
       59  516.746   sky130_fd_sc_hd__a21o_2
       86  753.222   sky130_fd_sc_hd__a21oi_2
        1   15.014   sky130_fd_sc_hd__a221oi_2
       74   740.71   sky130_fd_sc_hd__a22o_2
       18  225.216   sky130_fd_sc_hd__a22oi_2
        5   56.304   sky130_fd_sc_hd__a2bb2o_2
        6    52.55   sky130_fd_sc_hd__a31o_2
        1   12.512   sky130_fd_sc_hd__a31oi_2
        1   11.261   sky130_fd_sc_hd__a32o_2
        2   32.531   sky130_fd_sc_hd__a32oi_2
        1   11.261   sky130_fd_sc_hd__a41o_2
       40  300.288   sky130_fd_sc_hd__and2_2
       36  315.302   sky130_fd_sc_hd__and2b_2
       18   135.13   sky130_fd_sc_hd__and3_2
        3   30.029   sky130_fd_sc_hd__and3b_2
       70 1.49E+03   sky130_fd_sc_hd__dfxtp_2
       18   67.565   sky130_fd_sc_hd__inv_2
       29  326.563   sky130_fd_sc_hd__mux2_1
       16  360.346   sky130_fd_sc_hd__mux4_2
       97  606.832   sky130_fd_sc_hd__nand2_2
       29  253.994   sky130_fd_sc_hd__nand2b_2
        7   70.067   sky130_fd_sc_hd__nand3_2
      120   750.72   sky130_fd_sc_hd__nor2_2
        1    10.01   sky130_fd_sc_hd__nor3_2
        7   70.067   sky130_fd_sc_hd__o211a_2
       13  113.859   sky130_fd_sc_hd__o21a_2
       14  122.618   sky130_fd_sc_hd__o21ai_2
       15  150.144   sky130_fd_sc_hd__o21ba_2
        3   33.782   sky130_fd_sc_hd__o21bai_2
        8   80.077   sky130_fd_sc_hd__o22a_2
        6   67.565   sky130_fd_sc_hd__o2bb2a_2
        1   11.261   sky130_fd_sc_hd__o311a_2
        2   20.019   sky130_fd_sc_hd__o31a_2
        1   11.261   sky130_fd_sc_hd__o32a_2
       39  243.984   sky130_fd_sc_hd__or2_2
        5   37.536   sky130_fd_sc_hd__or3_2
        2   17.517   sky130_fd_sc_hd__or3b_2
        3   26.275   sky130_fd_sc_hd__or4_2
      176 2.86E+03   sky130_fd_sc_hd__xnor2_2
       65 1.06E+03   sky130_fd_sc_hd__xor2_2

   Chip area for module '\compute_core': 12293.040000
     of which used for sequential elements: 1488.928000 (12.11%)

116. Executing Verilog backend.
Dumping module `\compute_core'.

117. Executing JSON backend.
