
 /----------------------------------------------------------------------------\
 |  yosys -- Yosys Open SYnthesis Suite                                       |
 |  Copyright (C) 2012 - 2026  Claire Xenia Wolf <claire@yosyshq.com>         |
 |  Distributed under an ISC-like license, type "license" to see terms        |
 \----------------------------------------------------------------------------/
 Yosys 0.65 (git sha1 b85cad634, ccache clang++  -O3 -fwasm-exceptions -mllvm) [yowasp/yosys at release-0.65]

-- Running command `read_verilog -sv /home/kaylee/ece510/project/m2/rtl/interface.sv /home/kaylee/ece510/project/m2/rtl/compute_core.sv /home/kaylee/ece510/project/m3/rtl/top.sv; synth -noabc -top top; stat; check' --

1. Executing Verilog-2005 frontend: /home/kaylee/ece510/project/m2/rtl/interface.sv
Parsing SystemVerilog input from `/home/kaylee/ece510/project/m2/rtl/interface.sv' to AST representation.
Generating RTLIL representation for module `\axis_interface'.
Successfully finished Verilog frontend.

2. Executing Verilog-2005 frontend: /home/kaylee/ece510/project/m2/rtl/compute_core.sv
Parsing SystemVerilog input from `/home/kaylee/ece510/project/m2/rtl/compute_core.sv' to AST representation.
Generating RTLIL representation for module `\compute_core'.
Successfully finished Verilog frontend.

3. Executing Verilog-2005 frontend: /home/kaylee/ece510/project/m3/rtl/top.sv
Parsing SystemVerilog input from `/home/kaylee/ece510/project/m3/rtl/top.sv' to AST representation.
Generating RTLIL representation for module `\top'.
Successfully finished Verilog frontend.

4. Executing SYNTH pass.

4.1. Executing HIERARCHY pass (managing design hierarchy).

4.1.1. Analyzing design hierarchy..
Top module:  \top
Used module:     \compute_core
Used module:     \axis_interface
Parameter \TAPS = 9
Parameter \DATA_WIDTH = 8
Parameter \ACC_WIDTH = 32

4.1.2. Executing AST frontend in derive mode using pre-parsed AST for module `\compute_core'.
Parameter \TAPS = 9
Parameter \DATA_WIDTH = 8
Parameter \ACC_WIDTH = 32
Generating RTLIL representation for module `$paramod$39ec9e8c4b36969c22c55be941a04a94a623db56\compute_core'.

4.1.3. Analyzing design hierarchy..
Top module:  \top
Used module:     $paramod$39ec9e8c4b36969c22c55be941a04a94a623db56\compute_core
Used module:     \axis_interface

4.1.4. Analyzing design hierarchy..
Top module:  \top
Used module:     $paramod$39ec9e8c4b36969c22c55be941a04a94a623db56\compute_core
Used module:     \axis_interface
Removing unused module `\compute_core'.
Removed 1 unused modules.

4.2. Executing PROC pass (convert processes to netlists).

4.2.1. Executing PROC_CLEAN pass (remove empty switches from decision trees).
Cleaned up 0 empty switches.

4.2.2. Executing PROC_RMDEAD pass (remove dead branches from decision trees).
Marked 5 switch rules as full_case in process $proc$/home/kaylee/ece510/project/m3/rtl/top.sv:132$34 in module top.
Marked 3 switch rules as full_case in process $proc$/home/kaylee/ece510/project/m2/rtl/compute_core.sv:58$87 in module $paramod$39ec9e8c4b36969c22c55be941a04a94a623db56\compute_core.
Marked 2 switch rules as full_case in process $proc$/home/kaylee/ece510/project/m2/rtl/interface.sv:70$4 in module axis_interface.
Removed a total of 0 dead cases.

4.2.3. Executing PROC_PRUNE pass (remove redundant assignments in processes).
Removed 2 redundant assignments.
Promoted 6 assignments to connections.

4.2.4. Executing PROC_INIT pass (extract init attributes).

4.2.5. Executing PROC_ARST pass (detect async resets in processes).

4.2.6. Executing PROC_ROM pass (convert switches to ROMs).
Converted 0 switches.
<suppressed ~18 debug messages>

4.2.7. Executing PROC_MUX pass (convert decision trees to multiplexers).
Creating decoders for process `\top.$proc$/home/kaylee/ece510/project/m3/rtl/top.sv:132$34'.
     1/22: $0\bias[31:0] [31:16]
     2/22: $0\bias[31:0] [15:0]
     3/22: $4$bitselwrite$pos$/home/kaylee/ece510/project/m3/rtl/top.sv:163$22[31:0]$65
     4/22: $4$lookahead\activations$32[71:0]$54
     5/22: $4$bitselwrite$pos$/home/kaylee/ece510/project/m3/rtl/top.sv:157$21[31:0]$53
     6/22: $3$lookahead\activations$32[71:0]$50
     7/22: $3$bitselwrite$pos$/home/kaylee/ece510/project/m3/rtl/top.sv:157$21[31:0]$48
     8/22: $3$lookahead\weights$33[71:0]$51
     9/22: $3$bitselwrite$pos$/home/kaylee/ece510/project/m3/rtl/top.sv:163$22[31:0]$49
    10/22: $2$lookahead\weights$33[71:0]$47
    11/22: $2$lookahead\activations$32[71:0]$46
    12/22: $2$bitselwrite$pos$/home/kaylee/ece510/project/m3/rtl/top.sv:163$22[31:0]$45
    13/22: $2$bitselwrite$pos$/home/kaylee/ece510/project/m3/rtl/top.sv:157$21[31:0]$44
    14/22: $0\start[0:0]
    15/22: $1$lookahead\weights$33[71:0]$42
    16/22: $1$lookahead\activations$32[71:0]$41
    17/22: $1$bitselwrite$pos$/home/kaylee/ece510/project/m3/rtl/top.sv:163$22[31:0]$40
    18/22: $1$bitselwrite$pos$/home/kaylee/ece510/project/m3/rtl/top.sv:157$21[31:0]$39
    19/22: $0\result_response_valid[0:0]
    20/22: $0\result_valid[0:0]
    21/22: $0\result_latched[31:0]
    22/22: $4$lookahead\weights$33[71:0]$66
Creating decoders for process `$paramod$39ec9e8c4b36969c22c55be941a04a94a623db56\compute_core.$proc$/home/kaylee/ece510/project/m2/rtl/compute_core.sv:58$87'.
     1/5: $0\done[0:0]
     2/5: $0\accumulator[31:0]
     3/5: $0\tap_index[3:0]
     4/5: $0\result[31:0]
     5/5: $0\busy[0:0]
Creating decoders for process `\axis_interface.$proc$/home/kaylee/ece510/project/m2/rtl/interface.sv:70$4'.
     1/4: $0\config_reg[27:0]
     2/4: $0\m_axis_tlast[0:0]
     3/4: $0\m_axis_tvalid[0:0]
     4/4: $0\m_axis_tdata[31:0]

4.2.8. Executing PROC_DLATCH pass (convert process syncs to latches).

4.2.9. Executing PROC_DFF pass (convert process syncs to FFs).
Creating register for signal `\top.\start' using process `\top.$proc$/home/kaylee/ece510/project/m3/rtl/top.sv:132$34'.
  created $dff cell `$procdff$409' with positive edge clock.
Creating register for signal `\top.\activations' using process `\top.$proc$/home/kaylee/ece510/project/m3/rtl/top.sv:132$34'.
  created $dff cell `$procdff$410' with positive edge clock.
Creating register for signal `\top.\weights' using process `\top.$proc$/home/kaylee/ece510/project/m3/rtl/top.sv:132$34'.
  created $dff cell `$procdff$411' with positive edge clock.
Creating register for signal `\top.\bias' using process `\top.$proc$/home/kaylee/ece510/project/m3/rtl/top.sv:132$34'.
  created $dff cell `$procdff$412' with positive edge clock.
Creating register for signal `\top.\result_latched' using process `\top.$proc$/home/kaylee/ece510/project/m3/rtl/top.sv:132$34'.
  created $dff cell `$procdff$413' with positive edge clock.
Creating register for signal `\top.\result_valid' using process `\top.$proc$/home/kaylee/ece510/project/m3/rtl/top.sv:132$34'.
  created $dff cell `$procdff$414' with positive edge clock.
Creating register for signal `\top.\result_response_valid' using process `\top.$proc$/home/kaylee/ece510/project/m3/rtl/top.sv:132$34'.
  created $dff cell `$procdff$415' with positive edge clock.
Creating register for signal `$paramod$39ec9e8c4b36969c22c55be941a04a94a623db56\compute_core.\busy' using process `$paramod$39ec9e8c4b36969c22c55be941a04a94a623db56\compute_core.$proc$/home/kaylee/ece510/project/m2/rtl/compute_core.sv:58$87'.
  created $dff cell `$procdff$416' with positive edge clock.
Creating register for signal `$paramod$39ec9e8c4b36969c22c55be941a04a94a623db56\compute_core.\done' using process `$paramod$39ec9e8c4b36969c22c55be941a04a94a623db56\compute_core.$proc$/home/kaylee/ece510/project/m2/rtl/compute_core.sv:58$87'.
  created $dff cell `$procdff$417' with positive edge clock.
Creating register for signal `$paramod$39ec9e8c4b36969c22c55be941a04a94a623db56\compute_core.\result' using process `$paramod$39ec9e8c4b36969c22c55be941a04a94a623db56\compute_core.$proc$/home/kaylee/ece510/project/m2/rtl/compute_core.sv:58$87'.
  created $dff cell `$procdff$418' with positive edge clock.
Creating register for signal `$paramod$39ec9e8c4b36969c22c55be941a04a94a623db56\compute_core.\tap_index' using process `$paramod$39ec9e8c4b36969c22c55be941a04a94a623db56\compute_core.$proc$/home/kaylee/ece510/project/m2/rtl/compute_core.sv:58$87'.
  created $dff cell `$procdff$419' with positive edge clock.
Creating register for signal `$paramod$39ec9e8c4b36969c22c55be941a04a94a623db56\compute_core.\accumulator' using process `$paramod$39ec9e8c4b36969c22c55be941a04a94a623db56\compute_core.$proc$/home/kaylee/ece510/project/m2/rtl/compute_core.sv:58$87'.
  created $dff cell `$procdff$420' with positive edge clock.
Creating register for signal `\axis_interface.\m_axis_tdata' using process `\axis_interface.$proc$/home/kaylee/ece510/project/m2/rtl/interface.sv:70$4'.
  created $dff cell `$procdff$421' with positive edge clock.
Creating register for signal `\axis_interface.\m_axis_tvalid' using process `\axis_interface.$proc$/home/kaylee/ece510/project/m2/rtl/interface.sv:70$4'.
  created $dff cell `$procdff$422' with positive edge clock.
Creating register for signal `\axis_interface.\m_axis_tlast' using process `\axis_interface.$proc$/home/kaylee/ece510/project/m2/rtl/interface.sv:70$4'.
  created $dff cell `$procdff$423' with positive edge clock.
Creating register for signal `\axis_interface.\config_reg' using process `\axis_interface.$proc$/home/kaylee/ece510/project/m2/rtl/interface.sv:70$4'.
  created $dff cell `$procdff$424' with positive edge clock.

4.2.10. Executing PROC_MEMWR pass (convert process memory writes to cells).

4.2.11. Executing PROC_CLEAN pass (remove empty switches from decision trees).
Found and cleaned up 9 empty switches in `\top.$proc$/home/kaylee/ece510/project/m3/rtl/top.sv:132$34'.
Removing empty process `top.$proc$/home/kaylee/ece510/project/m3/rtl/top.sv:132$34'.
Found and cleaned up 4 empty switches in `$paramod$39ec9e8c4b36969c22c55be941a04a94a623db56\compute_core.$proc$/home/kaylee/ece510/project/m2/rtl/compute_core.sv:58$87'.
Removing empty process `$paramod$39ec9e8c4b36969c22c55be941a04a94a623db56\compute_core.$proc$/home/kaylee/ece510/project/m2/rtl/compute_core.sv:58$87'.
Found and cleaned up 5 empty switches in `\axis_interface.$proc$/home/kaylee/ece510/project/m2/rtl/interface.sv:70$4'.
Removing empty process `axis_interface.$proc$/home/kaylee/ece510/project/m2/rtl/interface.sv:70$4'.
Cleaned up 18 empty switches.

4.2.12. Executing OPT_EXPR pass (perform const folding).
Optimizing module top.
<suppressed ~6 debug messages>
Optimizing module $paramod$39ec9e8c4b36969c22c55be941a04a94a623db56\compute_core.
Optimizing module axis_interface.

4.3. Executing OPT_EXPR pass (perform const folding).
Optimizing module top.
<suppressed ~6 debug messages>
Optimizing module $paramod$39ec9e8c4b36969c22c55be941a04a94a623db56\compute_core.
<suppressed ~6 debug messages>
Optimizing module axis_interface.

4.4. Executing OPT_CLEAN pass (remove unused cells and wires).
Finding unused cells or wires in module \top..
Finding unused cells or wires in module $paramod$39ec9e8c4b36969c22c55be941a04a94a623db56\compute_core..
Finding unused cells or wires in module \axis_interface..
Removed 25 unused cells and 170 unused wires.
<suppressed ~32 debug messages>

4.5. Executing CHECK pass (checking for obvious problems).
Checking module top...
Checking module $paramod$39ec9e8c4b36969c22c55be941a04a94a623db56\compute_core...
Checking module axis_interface...
Found and reported 0 problems.

4.6. Executing OPT pass (performing simple optimizations).

4.6.1. Executing OPT_EXPR pass (perform const folding).
Optimizing module top.
Optimizing module $paramod$39ec9e8c4b36969c22c55be941a04a94a623db56\compute_core.
Optimizing module axis_interface.

4.6.2. Executing OPT_MERGE pass (detect identical cells).
Finding identical cells in module `\top'.
Computing hashes of 88 cells of `\top'.
Finding duplicate cells in `\top'.
Computing hashes of 80 cells of `\top'.
Finding duplicate cells in `\top'.
Computing hashes of 78 cells of `\top'.
Finding duplicate cells in `\top'.
Computing hashes of 77 cells of `\top'.
Finding duplicate cells in `\top'.
<suppressed ~33 debug messages>
Finding identical cells in module `$paramod$39ec9e8c4b36969c22c55be941a04a94a623db56\compute_core'.
Computing hashes of 32 cells of `$paramod$39ec9e8c4b36969c22c55be941a04a94a623db56\compute_core'.
Finding duplicate cells in `$paramod$39ec9e8c4b36969c22c55be941a04a94a623db56\compute_core'.
Finding identical cells in module `\axis_interface'.
Computing hashes of 27 cells of `\axis_interface'.
Finding duplicate cells in `\axis_interface'.
Removed a total of 11 cells.

4.6.3. Executing OPT_MUXTREE pass (detect dead branches in mux trees).
Running muxtree optimizer on module \top..
  Creating internal representation of mux trees.
  Evaluating internal representation of mux trees.
  Analyzing evaluation results.
    dead port 1/2 on $mux $procmux$223.
    dead port 1/2 on $mux $procmux$204.
    dead port 2/2 on $mux $procmux$201.
    dead port 1/2 on $mux $procmux$177.
    dead port 2/2 on $mux $procmux$174.
    dead port 1/2 on $mux $procmux$146.
    dead port 2/2 on $mux $procmux$143.
    dead port 2/2 on $mux $procmux$141.
    dead port 2/2 on $mux $procmux$308.
    dead port 2/2 on $mux $procmux$310.
    dead port 1/2 on $mux $procmux$313.
    dead port 1/2 on $mux $procmux$229.
Running muxtree optimizer on module $paramod$39ec9e8c4b36969c22c55be941a04a94a623db56\compute_core..
  Creating internal representation of mux trees.
  Evaluating internal representation of mux trees.
      Replacing known input bits on port A of cell $procmux$359: \busy -> 1'0
      Replacing known input bits on port A of cell $procmux$357: \busy -> 1'1
  Analyzing evaluation results.
Running muxtree optimizer on module \axis_interface..
  Creating internal representation of mux trees.
  Evaluating internal representation of mux trees.
  Analyzing evaluation results.
Removed 12 multiplexer ports.
<suppressed ~115 debug messages>

4.6.4. Executing OPT_REDUCE pass (consolidate $*mux and $reduce_* inputs).
  Optimizing cells in module \top.
  Optimizing cells in module $paramod$39ec9e8c4b36969c22c55be941a04a94a623db56\compute_core.
  Optimizing cells in module \axis_interface.
Performed a total of 0 changes.

4.6.5. Executing OPT_MERGE pass (detect identical cells).
Finding identical cells in module `\top'.
Computing hashes of 65 cells of `\top'.
Finding duplicate cells in `\top'.
Finding identical cells in module `$paramod$39ec9e8c4b36969c22c55be941a04a94a623db56\compute_core'.
Computing hashes of 32 cells of `$paramod$39ec9e8c4b36969c22c55be941a04a94a623db56\compute_core'.
Finding duplicate cells in `$paramod$39ec9e8c4b36969c22c55be941a04a94a623db56\compute_core'.
Finding identical cells in module `\axis_interface'.
Computing hashes of 27 cells of `\axis_interface'.
Finding duplicate cells in `\axis_interface'.
Removed a total of 0 cells.

4.6.6. Executing OPT_DFF pass (perform DFF optimizations).

4.6.7. Executing OPT_CLEAN pass (remove unused cells and wires).
Finding unused cells or wires in module \top..
Finding unused cells or wires in module $paramod$39ec9e8c4b36969c22c55be941a04a94a623db56\compute_core..
Finding unused cells or wires in module \axis_interface..
Removed 0 unused cells and 23 unused wires.
<suppressed ~1 debug messages>

4.6.8. Executing OPT_EXPR pass (perform const folding).
Optimizing module top.
Optimizing module $paramod$39ec9e8c4b36969c22c55be941a04a94a623db56\compute_core.
Optimizing module axis_interface.

4.6.9. Rerunning OPT passes. (Maybe there is more to do..)

4.6.10. Executing OPT_MUXTREE pass (detect dead branches in mux trees).
Running muxtree optimizer on module \top..
  Creating internal representation of mux trees.
  Evaluating internal representation of mux trees.
  Analyzing evaluation results.
Running muxtree optimizer on module $paramod$39ec9e8c4b36969c22c55be941a04a94a623db56\compute_core..
  Creating internal representation of mux trees.
  Evaluating internal representation of mux trees.
  Analyzing evaluation results.
Running muxtree optimizer on module \axis_interface..
  Creating internal representation of mux trees.
  Evaluating internal representation of mux trees.
  Analyzing evaluation results.
Removed 0 multiplexer ports.
<suppressed ~103 debug messages>

4.6.11. Executing OPT_REDUCE pass (consolidate $*mux and $reduce_* inputs).
  Optimizing cells in module \top.
  Optimizing cells in module $paramod$39ec9e8c4b36969c22c55be941a04a94a623db56\compute_core.
  Optimizing cells in module \axis_interface.
Performed a total of 0 changes.

4.6.12. Executing OPT_MERGE pass (detect identical cells).
Finding identical cells in module `\top'.
Computing hashes of 65 cells of `\top'.
Finding duplicate cells in `\top'.
Finding identical cells in module `$paramod$39ec9e8c4b36969c22c55be941a04a94a623db56\compute_core'.
Computing hashes of 32 cells of `$paramod$39ec9e8c4b36969c22c55be941a04a94a623db56\compute_core'.
Finding duplicate cells in `$paramod$39ec9e8c4b36969c22c55be941a04a94a623db56\compute_core'.
Finding identical cells in module `\axis_interface'.
Computing hashes of 27 cells of `\axis_interface'.
Finding duplicate cells in `\axis_interface'.
Removed a total of 0 cells.

4.6.13. Executing OPT_DFF pass (perform DFF optimizations).

4.6.14. Executing OPT_CLEAN pass (remove unused cells and wires).
Finding unused cells or wires in module \top..
Finding unused cells or wires in module $paramod$39ec9e8c4b36969c22c55be941a04a94a623db56\compute_core..
Finding unused cells or wires in module \axis_interface..

4.6.15. Executing OPT_EXPR pass (perform const folding).
Optimizing module top.
Optimizing module $paramod$39ec9e8c4b36969c22c55be941a04a94a623db56\compute_core.
Optimizing module axis_interface.

4.6.16. Finished fast OPT passes. (There is nothing left to do.)

4.7. Executing FSM pass (extract and optimize FSM).

4.7.1. Executing FSM_DETECT pass (finding FSMs in design).

4.7.2. Executing FSM_EXTRACT pass (extracting FSM from design).

4.7.3. Executing FSM_OPT pass (simple optimizations of FSMs).

4.7.4. Executing OPT_CLEAN pass (remove unused cells and wires).
Finding unused cells or wires in module \top..
Finding unused cells or wires in module $paramod$39ec9e8c4b36969c22c55be941a04a94a623db56\compute_core..
Finding unused cells or wires in module \axis_interface..

4.7.5. Executing FSM_OPT pass (simple optimizations of FSMs).

4.7.6. Executing FSM_RECODE pass (re-assigning FSM state encoding).

4.7.7. Executing FSM_INFO pass (dumping all available information on FSM cells).

4.7.8. Executing FSM_MAP pass (mapping FSMs to basic logic).

4.8. Executing OPT pass (performing simple optimizations).

4.8.1. Executing OPT_EXPR pass (perform const folding).
Optimizing module top.
Optimizing module $paramod$39ec9e8c4b36969c22c55be941a04a94a623db56\compute_core.
Optimizing module axis_interface.

4.8.2. Executing OPT_MERGE pass (detect identical cells).
Finding identical cells in module `\top'.
Computing hashes of 65 cells of `\top'.
Finding duplicate cells in `\top'.
Finding identical cells in module `$paramod$39ec9e8c4b36969c22c55be941a04a94a623db56\compute_core'.
Computing hashes of 32 cells of `$paramod$39ec9e8c4b36969c22c55be941a04a94a623db56\compute_core'.
Finding duplicate cells in `$paramod$39ec9e8c4b36969c22c55be941a04a94a623db56\compute_core'.
Finding identical cells in module `\axis_interface'.
Computing hashes of 27 cells of `\axis_interface'.
Finding duplicate cells in `\axis_interface'.
Removed a total of 0 cells.

4.8.3. Executing OPT_MUXTREE pass (detect dead branches in mux trees).
Running muxtree optimizer on module \top..
  Creating internal representation of mux trees.
  Evaluating internal representation of mux trees.
  Analyzing evaluation results.
Running muxtree optimizer on module $paramod$39ec9e8c4b36969c22c55be941a04a94a623db56\compute_core..
  Creating internal representation of mux trees.
  Evaluating internal representation of mux trees.
  Analyzing evaluation results.
Running muxtree optimizer on module \axis_interface..
  Creating internal representation of mux trees.
  Evaluating internal representation of mux trees.
  Analyzing evaluation results.
Removed 0 multiplexer ports.
<suppressed ~103 debug messages>

4.8.4. Executing OPT_REDUCE pass (consolidate $*mux and $reduce_* inputs).
  Optimizing cells in module \top.
  Optimizing cells in module $paramod$39ec9e8c4b36969c22c55be941a04a94a623db56\compute_core.
  Optimizing cells in module \axis_interface.
Performed a total of 0 changes.

4.8.5. Executing OPT_MERGE pass (detect identical cells).
Finding identical cells in module `\top'.
Computing hashes of 65 cells of `\top'.
Finding duplicate cells in `\top'.
Finding identical cells in module `$paramod$39ec9e8c4b36969c22c55be941a04a94a623db56\compute_core'.
Computing hashes of 32 cells of `$paramod$39ec9e8c4b36969c22c55be941a04a94a623db56\compute_core'.
Finding duplicate cells in `$paramod$39ec9e8c4b36969c22c55be941a04a94a623db56\compute_core'.
Finding identical cells in module `\axis_interface'.
Computing hashes of 27 cells of `\axis_interface'.
Finding duplicate cells in `\axis_interface'.
Removed a total of 0 cells.

4.8.6. Executing OPT_DFF pass (perform DFF optimizations).
Adding SRST signal on $procdff$415 ($dff) from module top (D = $procmux$275_Y, Q = \result_response_valid, rval = 1'0).
Adding SRST signal on $procdff$412 ($dff) from module top (D = { $procmux$98_Y $procmux$110_Y }, Q = \bias, rval = 0).
Adding EN signal on $auto$ff.cc:337:slice$426 ($sdff) from module top (D = \s_axis_tdata [15:0], Q = \bias [31:16]).
Adding EN signal on $auto$ff.cc:337:slice$426 ($sdff) from module top (D = \s_axis_tdata [15:0], Q = \bias [15:0]).
Adding SRST signal on $procdff$414 ($dff) from module top (D = $procmux$289_Y, Q = \result_valid, rval = 1'0).
Adding SRST signal on $procdff$413 ($dff) from module top (D = $procmux$294_Y, Q = \result_latched, rval = 0).
Adding EN signal on $auto$ff.cc:337:slice$434 ($sdff) from module top (D = \result, Q = \result_latched).
Adding SRST signal on $procdff$411 ($dff) from module top (D = $2$lookahead\weights$33[71:0]$47, Q = \weights, rval = 72'000000000000000000000000000000000000000000000000000000000000000000000000).
Adding EN signal on $auto$ff.cc:337:slice$436 ($sdff) from module top (D = $or$/home/kaylee/ece510/project/m3/rtl/top.sv:163$75_Y, Q = \weights).
Adding SRST signal on $procdff$410 ($dff) from module top (D = $2$lookahead\activations$32[71:0]$46, Q = \activations, rval = 72'000000000000000000000000000000000000000000000000000000000000000000000000).
Adding EN signal on $auto$ff.cc:337:slice$440 ($sdff) from module top (D = $or$/home/kaylee/ece510/project/m3/rtl/top.sv:157$63_Y, Q = \activations).
Adding SRST signal on $procdff$409 ($dff) from module top (D = $procmux$246_Y, Q = \start, rval = 1'0).
Adding SRST signal on $procdff$420 ($dff) from module $paramod$39ec9e8c4b36969c22c55be941a04a94a623db56\compute_core (D = $procmux$329_Y, Q = \accumulator, rval = 0).
Adding EN signal on $auto$ff.cc:337:slice$451 ($sdff) from module $paramod$39ec9e8c4b36969c22c55be941a04a94a623db56\compute_core (D = $procmux$329_Y, Q = \accumulator).
Adding SRST signal on $procdff$417 ($dff) from module $paramod$39ec9e8c4b36969c22c55be941a04a94a623db56\compute_core (D = $procmux$316_Y, Q = \done, rval = 1'0).
Adding SRST signal on $procdff$419 ($dff) from module $paramod$39ec9e8c4b36969c22c55be941a04a94a623db56\compute_core (D = $procmux$337_Y, Q = \tap_index, rval = 4'0000).
Adding EN signal on $auto$ff.cc:337:slice$460 ($sdff) from module $paramod$39ec9e8c4b36969c22c55be941a04a94a623db56\compute_core (D = $add$/home/kaylee/ece510/project/m2/rtl/compute_core.sv:80$91_Y, Q = \tap_index).
Adding SRST signal on $procdff$418 ($dff) from module $paramod$39ec9e8c4b36969c22c55be941a04a94a623db56\compute_core (D = $procmux$351_Y, Q = \result, rval = 0).
Adding EN signal on $auto$ff.cc:337:slice$468 ($sdff) from module $paramod$39ec9e8c4b36969c22c55be941a04a94a623db56\compute_core (D = \next_accumulator, Q = \result).
Adding SRST signal on $procdff$416 ($dff) from module $paramod$39ec9e8c4b36969c22c55be941a04a94a623db56\compute_core (D = $procmux$362_Y, Q = \busy, rval = 1'0).
Adding SRST signal on $procdff$421 ($dff) from module axis_interface (D = $procmux$404_Y, Q = \m_axis_tdata, rval = 0).
Adding EN signal on $auto$ff.cc:337:slice$475 ($sdff) from module axis_interface (D = { 4'1010 \config_reg }, Q = \m_axis_tdata).
Adding SRST signal on $procdff$422 ($dff) from module axis_interface (D = $procmux$394_Y, Q = \m_axis_tvalid, rval = 1'0).
Adding SRST signal on $procdff$423 ($dff) from module axis_interface (D = $procmux$382_Y, Q = \m_axis_tlast, rval = 1'0).
Adding SRST signal on $procdff$424 ($dff) from module axis_interface (D = $procmux$370_Y, Q = \config_reg, rval = 28'0000000000000000000000000000).
Adding EN signal on $auto$ff.cc:337:slice$483 ($sdff) from module axis_interface (D = \s_axis_tdata [27:0], Q = \config_reg).
Setting constant 0-bit at position 28 on $auto$ff.cc:337:slice$476 ($sdffe) from module axis_interface.
Setting constant 0-bit at position 30 on $auto$ff.cc:337:slice$476 ($sdffe) from module axis_interface.

4.8.7. Executing OPT_CLEAN pass (remove unused cells and wires).
Finding unused cells or wires in module \top..
Finding unused cells or wires in module $paramod$39ec9e8c4b36969c22c55be941a04a94a623db56\compute_core..
Finding unused cells or wires in module \axis_interface..
Removed 43 unused cells and 42 unused wires.
<suppressed ~46 debug messages>

4.8.8. Executing OPT_EXPR pass (perform const folding).
Optimizing module top.
Optimizing module $paramod$39ec9e8c4b36969c22c55be941a04a94a623db56\compute_core.
<suppressed ~1 debug messages>
Optimizing module axis_interface.

4.8.9. Rerunning OPT passes. (Maybe there is more to do..)

4.8.10. Executing OPT_MUXTREE pass (detect dead branches in mux trees).
Running muxtree optimizer on module \top..
  Creating internal representation of mux trees.
  Evaluating internal representation of mux trees.
  Analyzing evaluation results.
Running muxtree optimizer on module $paramod$39ec9e8c4b36969c22c55be941a04a94a623db56\compute_core..
  Creating internal representation of mux trees.
  Evaluating internal representation of mux trees.
  Analyzing evaluation results.
Running muxtree optimizer on module \axis_interface..
  Creating internal representation of mux trees.
  Evaluating internal representation of mux trees.
  Analyzing evaluation results.
Removed 0 multiplexer ports.
<suppressed ~51 debug messages>

4.8.11. Executing OPT_REDUCE pass (consolidate $*mux and $reduce_* inputs).
  Optimizing cells in module \top.
  Optimizing cells in module $paramod$39ec9e8c4b36969c22c55be941a04a94a623db56\compute_core.
  Optimizing cells in module \axis_interface.
Performed a total of 0 changes.

4.8.12. Executing OPT_MERGE pass (detect identical cells).
Finding identical cells in module `\top'.
Computing hashes of 52 cells of `\top'.
Finding duplicate cells in `\top'.
Finding identical cells in module `$paramod$39ec9e8c4b36969c22c55be941a04a94a623db56\compute_core'.
Computing hashes of 27 cells of `$paramod$39ec9e8c4b36969c22c55be941a04a94a623db56\compute_core'.
Finding duplicate cells in `$paramod$39ec9e8c4b36969c22c55be941a04a94a623db56\compute_core'.
Finding identical cells in module `\axis_interface'.
Computing hashes of 21 cells of `\axis_interface'.
Finding duplicate cells in `\axis_interface'.
Removed a total of 0 cells.

4.8.13. Executing OPT_DFF pass (perform DFF optimizations).

4.8.14. Executing OPT_CLEAN pass (remove unused cells and wires).
Finding unused cells or wires in module \top..
Finding unused cells or wires in module $paramod$39ec9e8c4b36969c22c55be941a04a94a623db56\compute_core..
Finding unused cells or wires in module \axis_interface..

4.8.15. Executing OPT_EXPR pass (perform const folding).
Optimizing module top.
Optimizing module $paramod$39ec9e8c4b36969c22c55be941a04a94a623db56\compute_core.
Optimizing module axis_interface.

4.8.16. Finished fast OPT passes. (There is nothing left to do.)

4.9. Executing WREDUCE pass (reducing word size of cells).
Removed top 4 bits (of 32) from FF cell top.$auto$ff.cc:337:slice$435 ($sdffe).
Removed top 3 bits (of 4) from port B of cell top.$eq$/home/kaylee/ece510/project/m3/rtl/top.sv:95$25 ($eq).
Removed top 25 bits (of 33) from port A of cell top.$neg$/home/kaylee/ece510/project/m3/rtl/top.sv:163$73 ($neg).
Converting cell top.$neg$/home/kaylee/ece510/project/m3/rtl/top.sv:163$73 ($neg) from signed to unsigned.
Removed top 1 bits (of 8) from port A of cell top.$neg$/home/kaylee/ece510/project/m3/rtl/top.sv:163$73 ($neg).
Removed top 2 bits (of 4) from port B of cell top.$procmux$97_CMP0 ($eq).
Removed top 2 bits (of 4) from port B of cell top.$procmux$109_CMP0 ($eq).
Removed top 3 bits (of 4) from port B of cell top.$procmux$200_CMP0 ($eq).
Removed top 1 bits (of 4) from port B of cell top.$procmux$249_CMP0 ($eq).
Removed top 1 bits (of 4) from port B of cell top.$procmux$274_CMP0 ($eq).
Removed top 4 bits (of 32) from wire top.result_latched.
Removed top 24 bits (of 32) from port B of cell $paramod$39ec9e8c4b36969c22c55be941a04a94a623db56\compute_core.$shiftx$/home/kaylee/ece510/project/m2/rtl/compute_core.sv:52$81 ($shiftx).
Removed top 24 bits (of 32) from port B of cell $paramod$39ec9e8c4b36969c22c55be941a04a94a623db56\compute_core.$shiftx$/home/kaylee/ece510/project/m2/rtl/compute_core.sv:53$84 ($shiftx).
Removed top 16 bits (of 32) from port B of cell $paramod$39ec9e8c4b36969c22c55be941a04a94a623db56\compute_core.$add$/home/kaylee/ece510/project/m2/rtl/compute_core.sv:56$86 ($add).
Removed top 1 bits (of 30) from FF cell axis_interface.$auto$ff.cc:337:slice$487 ($sdffe).
Removed top 3 bits (of 4) from port B of cell axis_interface.$eq$/home/kaylee/ece510/project/m2/rtl/interface.sv:83$6 ($eq).
Removed top 2 bits (of 4) from port B of cell axis_interface.$eq$/home/kaylee/ece510/project/m2/rtl/interface.sv:85$7 ($eq).

4.10. Executing PEEPOPT pass (run peephole optimizers).

4.11. Executing OPT_CLEAN pass (remove unused cells and wires).
Finding unused cells or wires in module \top..
Finding unused cells or wires in module $paramod$39ec9e8c4b36969c22c55be941a04a94a623db56\compute_core..
Finding unused cells or wires in module \axis_interface..
Removed 0 unused cells and 1 unused wires.
<suppressed ~1 debug messages>

4.12. Executing ALUMACC pass (create $alu and $macc cells).
Extracting $alu and $macc cells in module top:
  creating $macc model for $neg$/home/kaylee/ece510/project/m3/rtl/top.sv:163$73 ($neg).
  creating $alu model for $macc $neg$/home/kaylee/ece510/project/m3/rtl/top.sv:163$73.
  creating $alu model for $lt$/home/kaylee/ece510/project/m3/rtl/top.sv:162$64 ($lt): new $alu
  creating $alu cell for $lt$/home/kaylee/ece510/project/m3/rtl/top.sv:162$64: $auto$alumacc.cc:512:replace_alu$490
  creating $alu cell for $neg$/home/kaylee/ece510/project/m3/rtl/top.sv:163$73: $auto$alumacc.cc:512:replace_alu$495
  created 2 $alu and 0 $macc cells.
Extracting $alu and $macc cells in module $paramod$39ec9e8c4b36969c22c55be941a04a94a623db56\compute_core:
  creating $macc model for $add$/home/kaylee/ece510/project/m2/rtl/compute_core.sv:80$91 ($add).
  creating $macc model for $add$/home/kaylee/ece510/project/m2/rtl/compute_core.sv:56$86 ($add).
  creating $macc model for $mul$/home/kaylee/ece510/project/m2/rtl/compute_core.sv:54$85 ($mul).
  merging $macc model for $mul$/home/kaylee/ece510/project/m2/rtl/compute_core.sv:54$85 into $add$/home/kaylee/ece510/project/m2/rtl/compute_core.sv:56$86.
  creating $alu model for $macc $add$/home/kaylee/ece510/project/m2/rtl/compute_core.sv:80$91.
  creating $macc cell for $add$/home/kaylee/ece510/project/m2/rtl/compute_core.sv:56$86: $auto$alumacc.cc:382:replace_macc$498
  creating $alu cell for $add$/home/kaylee/ece510/project/m2/rtl/compute_core.sv:80$91: $auto$alumacc.cc:512:replace_alu$499
  created 1 $alu and 1 $macc cells.
Extracting $alu and $macc cells in module axis_interface:
  created 0 $alu and 0 $macc cells.

4.13. Executing SHARE pass (SAT-based resource sharing).

4.14. Executing OPT pass (performing simple optimizations).

4.14.1. Executing OPT_EXPR pass (perform const folding).
Optimizing module top.
Optimizing module $paramod$39ec9e8c4b36969c22c55be941a04a94a623db56\compute_core.
Optimizing module axis_interface.

4.14.2. Executing OPT_MERGE pass (detect identical cells).
Finding identical cells in module `\top'.
Computing hashes of 53 cells of `\top'.
Finding duplicate cells in `\top'.
Finding identical cells in module `$paramod$39ec9e8c4b36969c22c55be941a04a94a623db56\compute_core'.
Computing hashes of 27 cells of `$paramod$39ec9e8c4b36969c22c55be941a04a94a623db56\compute_core'.
Finding duplicate cells in `$paramod$39ec9e8c4b36969c22c55be941a04a94a623db56\compute_core'.
Finding identical cells in module `\axis_interface'.
Computing hashes of 21 cells of `\axis_interface'.
Finding duplicate cells in `\axis_interface'.
Removed a total of 0 cells.

4.14.3. Executing OPT_MUXTREE pass (detect dead branches in mux trees).
Running muxtree optimizer on module \top..
  Creating internal representation of mux trees.
  Evaluating internal representation of mux trees.
  Analyzing evaluation results.
Running muxtree optimizer on module $paramod$39ec9e8c4b36969c22c55be941a04a94a623db56\compute_core..
  Creating internal representation of mux trees.
  Evaluating internal representation of mux trees.
  Analyzing evaluation results.
Running muxtree optimizer on module \axis_interface..
  Creating internal representation of mux trees.
  Evaluating internal representation of mux trees.
  Analyzing evaluation results.
Removed 0 multiplexer ports.
<suppressed ~51 debug messages>

4.14.4. Executing OPT_REDUCE pass (consolidate $*mux and $reduce_* inputs).
  Optimizing cells in module \top.
  Optimizing cells in module $paramod$39ec9e8c4b36969c22c55be941a04a94a623db56\compute_core.
  Optimizing cells in module \axis_interface.
Performed a total of 0 changes.

4.14.5. Executing OPT_MERGE pass (detect identical cells).
Finding identical cells in module `\top'.
Computing hashes of 53 cells of `\top'.
Finding duplicate cells in `\top'.
Finding identical cells in module `$paramod$39ec9e8c4b36969c22c55be941a04a94a623db56\compute_core'.
Computing hashes of 27 cells of `$paramod$39ec9e8c4b36969c22c55be941a04a94a623db56\compute_core'.
Finding duplicate cells in `$paramod$39ec9e8c4b36969c22c55be941a04a94a623db56\compute_core'.
Finding identical cells in module `\axis_interface'.
Computing hashes of 21 cells of `\axis_interface'.
Finding duplicate cells in `\axis_interface'.
Removed a total of 0 cells.

4.14.6. Executing OPT_DFF pass (perform DFF optimizations).

4.14.7. Executing OPT_CLEAN pass (remove unused cells and wires).
Finding unused cells or wires in module \top..
Finding unused cells or wires in module $paramod$39ec9e8c4b36969c22c55be941a04a94a623db56\compute_core..
Finding unused cells or wires in module \axis_interface..
Removed 1 unused cells and 3 unused wires.
<suppressed ~4 debug messages>

4.14.8. Executing OPT_EXPR pass (perform const folding).
Optimizing module top.
Optimizing module $paramod$39ec9e8c4b36969c22c55be941a04a94a623db56\compute_core.
Optimizing module axis_interface.

4.14.9. Rerunning OPT passes. (Maybe there is more to do..)

4.14.10. Executing OPT_MUXTREE pass (detect dead branches in mux trees).
Running muxtree optimizer on module \top..
  Creating internal representation of mux trees.
  Evaluating internal representation of mux trees.
  Analyzing evaluation results.
Running muxtree optimizer on module $paramod$39ec9e8c4b36969c22c55be941a04a94a623db56\compute_core..
  Creating internal representation of mux trees.
  Evaluating internal representation of mux trees.
  Analyzing evaluation results.
Running muxtree optimizer on module \axis_interface..
  Creating internal representation of mux trees.
  Evaluating internal representation of mux trees.
  Analyzing evaluation results.
Removed 0 multiplexer ports.
<suppressed ~51 debug messages>

4.14.11. Executing OPT_REDUCE pass (consolidate $*mux and $reduce_* inputs).
  Optimizing cells in module \top.
  Optimizing cells in module $paramod$39ec9e8c4b36969c22c55be941a04a94a623db56\compute_core.
  Optimizing cells in module \axis_interface.
Performed a total of 0 changes.

4.14.12. Executing OPT_MERGE pass (detect identical cells).
Finding identical cells in module `\top'.
Computing hashes of 53 cells of `\top'.
Finding duplicate cells in `\top'.
Finding identical cells in module `$paramod$39ec9e8c4b36969c22c55be941a04a94a623db56\compute_core'.
Computing hashes of 26 cells of `$paramod$39ec9e8c4b36969c22c55be941a04a94a623db56\compute_core'.
Finding duplicate cells in `$paramod$39ec9e8c4b36969c22c55be941a04a94a623db56\compute_core'.
Finding identical cells in module `\axis_interface'.
Computing hashes of 21 cells of `\axis_interface'.
Finding duplicate cells in `\axis_interface'.
Removed a total of 0 cells.

4.14.13. Executing OPT_DFF pass (perform DFF optimizations).

4.14.14. Executing OPT_CLEAN pass (remove unused cells and wires).
Finding unused cells or wires in module \top..
Finding unused cells or wires in module $paramod$39ec9e8c4b36969c22c55be941a04a94a623db56\compute_core..
Finding unused cells or wires in module \axis_interface..

4.14.15. Executing OPT_EXPR pass (perform const folding).
Optimizing module top.
Optimizing module $paramod$39ec9e8c4b36969c22c55be941a04a94a623db56\compute_core.
Optimizing module axis_interface.

4.14.16. Finished fast OPT passes. (There is nothing left to do.)

4.15. Executing MEMORY pass.

4.15.1. Executing OPT_MEM pass (optimize memories).
Performed a total of 0 transformations.

4.15.2. Executing OPT_MEM_PRIORITY pass (removing unnecessary memory write priority relations).
Performed a total of 0 transformations.

4.15.3. Executing OPT_MEM_FEEDBACK pass (finding memory read-to-write feedback paths).

4.15.4. Executing MEMORY_BMUX2ROM pass (converting muxes to ROMs).

4.15.5. Executing MEMORY_DFF pass (merging $dff cells to $memrd).

4.15.6. Executing OPT_CLEAN pass (remove unused cells and wires).
Finding unused cells or wires in module \top..
Finding unused cells or wires in module $paramod$39ec9e8c4b36969c22c55be941a04a94a623db56\compute_core..
Finding unused cells or wires in module \axis_interface..

4.15.7. Executing MEMORY_SHARE pass (consolidating $memrd/$memwr cells).

4.15.8. Executing OPT_MEM_WIDEN pass (optimize memories where all ports are wide).
Performed a total of 0 transformations.

4.15.9. Executing OPT_CLEAN pass (remove unused cells and wires).
Finding unused cells or wires in module \top..
Finding unused cells or wires in module $paramod$39ec9e8c4b36969c22c55be941a04a94a623db56\compute_core..
Finding unused cells or wires in module \axis_interface..

4.15.10. Executing MEMORY_COLLECT pass (generating $mem cells).

4.16. Executing OPT_CLEAN pass (remove unused cells and wires).
Finding unused cells or wires in module \top..
Finding unused cells or wires in module $paramod$39ec9e8c4b36969c22c55be941a04a94a623db56\compute_core..
Finding unused cells or wires in module \axis_interface..

4.17. Executing OPT pass (performing simple optimizations).

4.17.1. Executing OPT_EXPR pass (perform const folding).
Optimizing module top.
<suppressed ~5 debug messages>
Optimizing module $paramod$39ec9e8c4b36969c22c55be941a04a94a623db56\compute_core.
<suppressed ~5 debug messages>
Optimizing module axis_interface.
<suppressed ~2 debug messages>

4.17.2. Executing OPT_MERGE pass (detect identical cells).
Finding identical cells in module `\top'.
Computing hashes of 53 cells of `\top'.
Finding duplicate cells in `\top'.
Finding identical cells in module `$paramod$39ec9e8c4b36969c22c55be941a04a94a623db56\compute_core'.
Computing hashes of 24 cells of `$paramod$39ec9e8c4b36969c22c55be941a04a94a623db56\compute_core'.
Finding duplicate cells in `$paramod$39ec9e8c4b36969c22c55be941a04a94a623db56\compute_core'.
Computing hashes of 23 cells of `$paramod$39ec9e8c4b36969c22c55be941a04a94a623db56\compute_core'.
Finding duplicate cells in `$paramod$39ec9e8c4b36969c22c55be941a04a94a623db56\compute_core'.
<suppressed ~3 debug messages>
Finding identical cells in module `\axis_interface'.
Computing hashes of 21 cells of `\axis_interface'.
Finding duplicate cells in `\axis_interface'.
Removed a total of 1 cells.

4.17.3. Executing OPT_DFF pass (perform DFF optimizations).

4.17.4. Executing OPT_CLEAN pass (remove unused cells and wires).
Finding unused cells or wires in module \top..
Finding unused cells or wires in module $paramod$39ec9e8c4b36969c22c55be941a04a94a623db56\compute_core..
Finding unused cells or wires in module \axis_interface..
Removed 0 unused cells and 3 unused wires.
<suppressed ~1 debug messages>

4.17.5. Finished fast OPT passes.

4.18. Executing MEMORY_MAP pass (converting memories to logic and flip-flops).

4.19. Executing OPT pass (performing simple optimizations).

4.19.1. Executing OPT_EXPR pass (perform const folding).
Optimizing module top.
Optimizing module $paramod$39ec9e8c4b36969c22c55be941a04a94a623db56\compute_core.
Optimizing module axis_interface.

4.19.2. Executing OPT_MERGE pass (detect identical cells).
Finding identical cells in module `\top'.
Computing hashes of 53 cells of `\top'.
Finding duplicate cells in `\top'.
Finding identical cells in module `$paramod$39ec9e8c4b36969c22c55be941a04a94a623db56\compute_core'.
Computing hashes of 23 cells of `$paramod$39ec9e8c4b36969c22c55be941a04a94a623db56\compute_core'.
Finding duplicate cells in `$paramod$39ec9e8c4b36969c22c55be941a04a94a623db56\compute_core'.
Finding identical cells in module `\axis_interface'.
Computing hashes of 21 cells of `\axis_interface'.
Finding duplicate cells in `\axis_interface'.
Removed a total of 0 cells.

4.19.3. Executing OPT_MUXTREE pass (detect dead branches in mux trees).
Running muxtree optimizer on module \top..
  Creating internal representation of mux trees.
  Evaluating internal representation of mux trees.
  Analyzing evaluation results.
Running muxtree optimizer on module $paramod$39ec9e8c4b36969c22c55be941a04a94a623db56\compute_core..
  Creating internal representation of mux trees.
  Evaluating internal representation of mux trees.
  Analyzing evaluation results.
Running muxtree optimizer on module \axis_interface..
  Creating internal representation of mux trees.
  Evaluating internal representation of mux trees.
  Analyzing evaluation results.
Removed 0 multiplexer ports.
<suppressed ~22 debug messages>

4.19.4. Executing OPT_REDUCE pass (consolidate $*mux and $reduce_* inputs).
  Optimizing cells in module \top.
  Optimizing cells in module $paramod$39ec9e8c4b36969c22c55be941a04a94a623db56\compute_core.
  Optimizing cells in module \axis_interface.
Performed a total of 0 changes.

4.19.5. Executing OPT_MERGE pass (detect identical cells).
Finding identical cells in module `\top'.
Computing hashes of 53 cells of `\top'.
Finding duplicate cells in `\top'.
Finding identical cells in module `$paramod$39ec9e8c4b36969c22c55be941a04a94a623db56\compute_core'.
Computing hashes of 23 cells of `$paramod$39ec9e8c4b36969c22c55be941a04a94a623db56\compute_core'.
Finding duplicate cells in `$paramod$39ec9e8c4b36969c22c55be941a04a94a623db56\compute_core'.
Finding identical cells in module `\axis_interface'.
Computing hashes of 21 cells of `\axis_interface'.
Finding duplicate cells in `\axis_interface'.
Removed a total of 0 cells.

4.19.6. Executing OPT_SHARE pass.

4.19.7. Executing OPT_DFF pass (perform DFF optimizations).

4.19.8. Executing OPT_CLEAN pass (remove unused cells and wires).
Finding unused cells or wires in module \top..
Finding unused cells or wires in module $paramod$39ec9e8c4b36969c22c55be941a04a94a623db56\compute_core..
Finding unused cells or wires in module \axis_interface..

4.19.9. Executing OPT_EXPR pass (perform const folding).
Optimizing module top.
Optimizing module $paramod$39ec9e8c4b36969c22c55be941a04a94a623db56\compute_core.
Optimizing module axis_interface.

4.19.10. Finished fast OPT passes. (There is nothing left to do.)

4.20. Executing TECHMAP pass (map to technology primitives).

4.20.1. Executing Verilog-2005 frontend: /share/techmap.v
Parsing Verilog input from `/share/techmap.v' to AST representation.
Generating RTLIL representation for module `\_90_simplemap_bool_ops'.
Generating RTLIL representation for module `\_90_simplemap_reduce_ops'.
Generating RTLIL representation for module `\_90_simplemap_logic_ops'.
Generating RTLIL representation for module `\_90_simplemap_compare_ops'.
Generating RTLIL representation for module `\_90_simplemap_various'.
Generating RTLIL representation for module `\_90_simplemap_registers'.
Generating RTLIL representation for module `\_90_shift_ops_shr_shl_sshl_sshr'.
Generating RTLIL representation for module `\_90_shift_shiftx'.
Generating RTLIL representation for module `\_90_fa'.
Generating RTLIL representation for module `\_90_lcu_brent_kung'.
Generating RTLIL representation for module `\_90_alu'.
Generating RTLIL representation for module `\_90_macc'.
Generating RTLIL representation for module `\_90_alumacc'.
Generating RTLIL representation for module `$__div_mod_u'.
Generating RTLIL representation for module `$__div_mod_trunc'.
Generating RTLIL representation for module `\_90_div'.
Generating RTLIL representation for module `\_90_mod'.
Generating RTLIL representation for module `$__div_mod_floor'.
Generating RTLIL representation for module `\_90_divfloor'.
Generating RTLIL representation for module `\_90_modfloor'.
Generating RTLIL representation for module `\_90_pow'.
Generating RTLIL representation for module `\_90_demux'.
Generating RTLIL representation for module `\_90_lut'.
Generating RTLIL representation for module `$connect'.
Generating RTLIL representation for module `$input_port'.
Successfully finished Verilog frontend.

4.20.2. Continuing TECHMAP pass.
Using extmapper simplemap for cells of type $sdffe.
Using extmapper simplemap for cells of type $reduce_and.
Using extmapper simplemap for cells of type $sdff.
Using extmapper simplemap for cells of type $not.
Using extmapper simplemap for cells of type $logic_not.
Using extmapper simplemap for cells of type $logic_and.
Using extmapper simplemap for cells of type $eq.
Using extmapper simplemap for cells of type $mux.
Using extmapper simplemap for cells of type $or.
Using template $paramod$32a7b7b86c07519b7537abc18e96f0331f97914d\_90_alu for cells of type $alu.
Using extmapper maccmap for cells of type $macc_v2.
  add \activation_tap * \weight_tap (8x8 bits, signed)
  add \accumulator (32 bits, signed)
Using extmapper simplemap for cells of type $reduce_or.
Using extmapper simplemap for cells of type $reduce_bool.
Using template $paramod$constmap:f91005846e8e66ad7e7b246c7030859b41488799$paramod$c414f9c4e0e82e8c11577c1142e59cbae97a9ea8\_90_shift_shiftx for cells of type $shiftx.
Using extmapper simplemap for cells of type $and.
Using template $paramod\_90_fa\WIDTH=32'00000000000000000000000000100000 for cells of type $fa.
Using template $paramod$fbc7873bff55778c0b3173955b7e4bce1d9d6834\_90_alu for cells of type $alu.
Using extmapper simplemap for cells of type $pos.
Using template $paramod\_90_fa\WIDTH=32'00000000000000000000000000000100 for cells of type $fa.
Using template $paramod\_90_lcu_brent_kung\WIDTH=32'00000000000000000000000000000100 for cells of type $lcu.
Using extmapper simplemap for cells of type $xor.
Using template $paramod\_90_lcu_brent_kung\WIDTH=32'00000000000000000000000000100000 for cells of type $lcu.
Using template $paramod$3e2546d640bb80c4407ce51aec1dbdbdc5bff143\_90_alu for cells of type $alu.
Using template $paramod$740b056ede97228d3eae64ea2fdc81f0a33e0fe7\_90_alu for cells of type $alu.
Using extmapper simplemap for cells of type $logic_or.
Using template $paramod$constmap:78a6177e0e86abf77de6636a3fc8c598504ec701$paramod$eacfaeba4ea50a06fb8ffc8eb3adc88eae96c4f4\_90_shift_shiftx for cells of type $shift.
Analyzing pattern of constant bits for this cell:
Creating constmapped module `$paramod$constmap:c5fccb3aee0d471256430f05e068f80d36c7595f$paramod$eacfaeba4ea50a06fb8ffc8eb3adc88eae96c4f4\_90_shift_shiftx'.

4.20.33. Executing OPT_MUXTREE pass (detect dead branches in mux trees).
Running muxtree optimizer on module $paramod$constmap:c5fccb3aee0d471256430f05e068f80d36c7595f$paramod$eacfaeba4ea50a06fb8ffc8eb3adc88eae96c4f4\_90_shift_shiftx..
  Creating internal representation of mux trees.
  Evaluating internal representation of mux trees.
  Analyzing evaluation results.
    dead port 2/2 on $mux $procmux$5180.
    dead port 2/2 on $mux $procmux$5186.
    dead port 2/2 on $mux $procmux$5192.
    dead port 2/2 on $mux $procmux$5198.
    dead port 2/2 on $mux $procmux$5204.
    dead port 2/2 on $mux $procmux$5210.
    dead port 2/2 on $mux $procmux$5216.
    dead port 2/2 on $mux $procmux$5222.
Removed 8 multiplexer ports.
<suppressed ~1482 debug messages>

4.20.34. Executing OPT_EXPR pass (perform const folding).
Optimizing module $paramod$constmap:c5fccb3aee0d471256430f05e068f80d36c7595f$paramod$eacfaeba4ea50a06fb8ffc8eb3adc88eae96c4f4\_90_shift_shiftx.
<suppressed ~26 debug messages>
Removed 0 unused cells and 13 unused wires.
Using template $paramod$constmap:c5fccb3aee0d471256430f05e068f80d36c7595f$paramod$eacfaeba4ea50a06fb8ffc8eb3adc88eae96c4f4\_90_shift_shiftx for cells of type $shift.
Using template $paramod\_90_fa\WIDTH=32'00000000000000000000000000100001 for cells of type $fa.
Using template $paramod\_90_lcu_brent_kung\WIDTH=32'00000000000000000000000000100001 for cells of type $lcu.
Using extmapper simplemap for cells of type $ne.
No more expansions possible.
<suppressed ~463 debug messages>

4.21. Executing OPT pass (performing simple optimizations).

4.21.1. Executing OPT_EXPR pass (perform const folding).
Optimizing module top.
<suppressed ~6487 debug messages>
Optimizing module $paramod$39ec9e8c4b36969c22c55be941a04a94a623db56\compute_core.
<suppressed ~1485 debug messages>
Optimizing module axis_interface.
<suppressed ~11 debug messages>

4.21.2. Executing OPT_MERGE pass (detect identical cells).
Finding identical cells in module `\top'.
Computing hashes of 1932 cells of `\top'.
Finding duplicate cells in `\top'.
Computing hashes of 1865 cells of `\top'.
Finding duplicate cells in `\top'.
Computing hashes of 1825 cells of `\top'.
Finding duplicate cells in `\top'.
Computing hashes of 1803 cells of `\top'.
Finding duplicate cells in `\top'.
Computing hashes of 1767 cells of `\top'.
Finding duplicate cells in `\top'.
Computing hashes of 1703 cells of `\top'.
Finding duplicate cells in `\top'.
Computing hashes of 1583 cells of `\top'.
Finding duplicate cells in `\top'.
Computing hashes of 1351 cells of `\top'.
Finding duplicate cells in `\top'.
Computing hashes of 1287 cells of `\top'.
Finding duplicate cells in `\top'.
Computing hashes of 1286 cells of `\top'.
Finding duplicate cells in `\top'.
Computing hashes of 1285 cells of `\top'.
Finding duplicate cells in `\top'.
Computing hashes of 1284 cells of `\top'.
Finding duplicate cells in `\top'.
Computing hashes of 1283 cells of `\top'.
Finding duplicate cells in `\top'.
Computing hashes of 1282 cells of `\top'.
Finding duplicate cells in `\top'.
Computing hashes of 1281 cells of `\top'.
Finding duplicate cells in `\top'.
Computing hashes of 1280 cells of `\top'.
Finding duplicate cells in `\top'.
Computing hashes of 1279 cells of `\top'.
Finding duplicate cells in `\top'.
Computing hashes of 1278 cells of `\top'.
Finding duplicate cells in `\top'.
Computing hashes of 1277 cells of `\top'.
Finding duplicate cells in `\top'.
Computing hashes of 1276 cells of `\top'.
Finding duplicate cells in `\top'.
Computing hashes of 1275 cells of `\top'.
Finding duplicate cells in `\top'.
Computing hashes of 1274 cells of `\top'.
Finding duplicate cells in `\top'.
Computing hashes of 1273 cells of `\top'.
Finding duplicate cells in `\top'.
Computing hashes of 1272 cells of `\top'.
Finding duplicate cells in `\top'.
Computing hashes of 1271 cells of `\top'.
Finding duplicate cells in `\top'.
<suppressed ~1983 debug messages>
Finding identical cells in module `$paramod$39ec9e8c4b36969c22c55be941a04a94a623db56\compute_core'.
Computing hashes of 2245 cells of `$paramod$39ec9e8c4b36969c22c55be941a04a94a623db56\compute_core'.
Finding duplicate cells in `$paramod$39ec9e8c4b36969c22c55be941a04a94a623db56\compute_core'.
Computing hashes of 2077 cells of `$paramod$39ec9e8c4b36969c22c55be941a04a94a623db56\compute_core'.
Finding duplicate cells in `$paramod$39ec9e8c4b36969c22c55be941a04a94a623db56\compute_core'.
Computing hashes of 1974 cells of `$paramod$39ec9e8c4b36969c22c55be941a04a94a623db56\compute_core'.
Finding duplicate cells in `$paramod$39ec9e8c4b36969c22c55be941a04a94a623db56\compute_core'.
Computing hashes of 1900 cells of `$paramod$39ec9e8c4b36969c22c55be941a04a94a623db56\compute_core'.
Finding duplicate cells in `$paramod$39ec9e8c4b36969c22c55be941a04a94a623db56\compute_core'.
Computing hashes of 1846 cells of `$paramod$39ec9e8c4b36969c22c55be941a04a94a623db56\compute_core'.
Finding duplicate cells in `$paramod$39ec9e8c4b36969c22c55be941a04a94a623db56\compute_core'.
Computing hashes of 1829 cells of `$paramod$39ec9e8c4b36969c22c55be941a04a94a623db56\compute_core'.
Finding duplicate cells in `$paramod$39ec9e8c4b36969c22c55be941a04a94a623db56\compute_core'.
Computing hashes of 1797 cells of `$paramod$39ec9e8c4b36969c22c55be941a04a94a623db56\compute_core'.
Finding duplicate cells in `$paramod$39ec9e8c4b36969c22c55be941a04a94a623db56\compute_core'.
Computing hashes of 1765 cells of `$paramod$39ec9e8c4b36969c22c55be941a04a94a623db56\compute_core'.
Finding duplicate cells in `$paramod$39ec9e8c4b36969c22c55be941a04a94a623db56\compute_core'.
Computing hashes of 1749 cells of `$paramod$39ec9e8c4b36969c22c55be941a04a94a623db56\compute_core'.
Finding duplicate cells in `$paramod$39ec9e8c4b36969c22c55be941a04a94a623db56\compute_core'.
Computing hashes of 1719 cells of `$paramod$39ec9e8c4b36969c22c55be941a04a94a623db56\compute_core'.
Finding duplicate cells in `$paramod$39ec9e8c4b36969c22c55be941a04a94a623db56\compute_core'.
<suppressed ~1578 debug messages>
Finding identical cells in module `\axis_interface'.
Computing hashes of 84 cells of `\axis_interface'.
Finding duplicate cells in `\axis_interface'.
Computing hashes of 83 cells of `\axis_interface'.
Finding duplicate cells in `\axis_interface'.
<suppressed ~3 debug messages>
Removed a total of 1188 cells.

4.21.3. Executing OPT_DFF pass (perform DFF optimizations).

4.21.4. Executing OPT_CLEAN pass (remove unused cells and wires).
Finding unused cells or wires in module \top..
Finding unused cells or wires in module $paramod$39ec9e8c4b36969c22c55be941a04a94a623db56\compute_core..
Finding unused cells or wires in module \axis_interface..
Removed 757 unused cells and 635 unused wires.
<suppressed ~760 debug messages>

4.21.5. Finished fast OPT passes.

4.22. Executing HIERARCHY pass (managing design hierarchy).
Attribute `top' found on module `top'. Setting top module to top.

4.22.1. Analyzing design hierarchy..
Top module:  \top
Used module:     $paramod$39ec9e8c4b36969c22c55be941a04a94a623db56\compute_core
Used module:     \axis_interface

4.22.2. Analyzing design hierarchy..
Top module:  \top
Used module:     $paramod$39ec9e8c4b36969c22c55be941a04a94a623db56\compute_core
Used module:     \axis_interface
Removed 0 unused modules.

4.23. Printing statistics.

=== top ===

        +----------Local Count, excluding submodules.
        | 
      131 wires
     5683 wire bits
       29 public wires
      396 public wire bits
       12 ports
       74 port bits
      973 cells
      166   $_AND_
      378   $_MUX_
       28   $_NOT_
      190   $_OR_
      204   $_SDFFE_PP0P_
        3   $_SDFF_PP0_
        4   $_XOR_
        2 submodules
        1   $paramod$39ec9e8c4b36969c22c55be941a04a94a623db56\compute_core
        1   axis_interface

=== $paramod$39ec9e8c4b36969c22c55be941a04a94a623db56\compute_core ===

        +----------Local Count, excluding submodules.
        | 
      176 wires
     3697 wire bits
       14 public wires
      297 public wire bits
        9 ports
      213 port bits
     1258 cells
      437   $_AND_
      208   $_MUX_
       13   $_NOT_
      189   $_OR_
       68   $_SDFFE_PP0P_
        2   $_SDFF_PP0_
      341   $_XOR_

=== axis_interface ===

        +----------Local Count, excluding submodules.
        | 
       35 wires
      156 wire bits
       15 public wires
      134 public wire bits
       11 ports
      100 port bits
       83 cells
        6   $_AND_
        6   $_MUX_
        5   $_NOT_
        7   $_OR_
       57   $_SDFFE_PP0P_
        2   $_SDFF_PP0_

=== design hierarchy ===

        +----------Count including submodules.
        | 
     2314 top
     1258 $paramod$39ec9e8c4b36969c22c55be941a04a94a623db56\compute_core
       83 axis_interface

        +----------Count including submodules.
        | 
      342 wires
     9536 wire bits
       58 public wires
      827 public wire bits
       32 ports
      387 port bits
        - memories
        - memory bits
        - processes
     2314 cells
      609   $_AND_
      592   $_MUX_
       46   $_NOT_
      386   $_OR_
      329   $_SDFFE_PP0P_
        7   $_SDFF_PP0_
      345   $_XOR_
        2 submodules
        1   $paramod$39ec9e8c4b36969c22c55be941a04a94a623db56\compute_core
        1   axis_interface

4.24. Executing CHECK pass (checking for obvious problems).
Checking module top...
Checking module $paramod$39ec9e8c4b36969c22c55be941a04a94a623db56\compute_core...
Checking module axis_interface...
Found and reported 0 problems.

5. Printing statistics.

=== top ===

        +----------Local Count, excluding submodules.
        | 
      131 wires
     5683 wire bits
       29 public wires
      396 public wire bits
       12 ports
       74 port bits
      973 cells
      166   $_AND_
      378   $_MUX_
       28   $_NOT_
      190   $_OR_
      204   $_SDFFE_PP0P_
        3   $_SDFF_PP0_
        4   $_XOR_
        2 submodules
        1   $paramod$39ec9e8c4b36969c22c55be941a04a94a623db56\compute_core
        1   axis_interface

=== $paramod$39ec9e8c4b36969c22c55be941a04a94a623db56\compute_core ===

        +----------Local Count, excluding submodules.
        | 
      176 wires
     3697 wire bits
       14 public wires
      297 public wire bits
        9 ports
      213 port bits
     1258 cells
      437   $_AND_
      208   $_MUX_
       13   $_NOT_
      189   $_OR_
       68   $_SDFFE_PP0P_
        2   $_SDFF_PP0_
      341   $_XOR_

=== axis_interface ===

        +----------Local Count, excluding submodules.
        | 
       35 wires
      156 wire bits
       15 public wires
      134 public wire bits
       11 ports
      100 port bits
       83 cells
        6   $_AND_
        6   $_MUX_
        5   $_NOT_
        7   $_OR_
       57   $_SDFFE_PP0P_
        2   $_SDFF_PP0_

=== design hierarchy ===

        +----------Count including submodules.
        | 
     2314 top
     1258 $paramod$39ec9e8c4b36969c22c55be941a04a94a623db56\compute_core
       83 axis_interface

        +----------Count including submodules.
        | 
      342 wires
     9536 wire bits
       58 public wires
      827 public wire bits
       32 ports
      387 port bits
        - memories
        - memory bits
        - processes
     2314 cells
      609   $_AND_
      592   $_MUX_
       46   $_NOT_
      386   $_OR_
      329   $_SDFFE_PP0P_
        7   $_SDFF_PP0_
      345   $_XOR_
        2 submodules
        1   $paramod$39ec9e8c4b36969c22c55be941a04a94a623db56\compute_core
        1   axis_interface

6. Executing CHECK pass (checking for obvious problems).
Checking module top...
Checking module $paramod$39ec9e8c4b36969c22c55be941a04a94a623db56\compute_core...
Checking module axis_interface...
Found and reported 0 problems.

End of script. Logfile hash: 007372a37c, time: 0.70s, user: 0.70s, system: 0.00s
Yosys 0.65 (git sha1 b85cad634, ccache clang++  -O3 -fwasm-exceptions -mllvm) [yowasp/yosys at release-0.65]
Time spent: 22% 26x opt_expr (0 sec), 16% 1x techmap (0 sec), ...
